TN:
SF:lib\advanced-order-types.ts
FN:38,(anonymous_0)
FN:42,(anonymous_1)
FN:66,(anonymous_2)
FN:92,(anonymous_3)
FN:119,(anonymous_4)
FN:142,(anonymous_5)
FN:146,(anonymous_6)
FN:150,(anonymous_7)
FN:162,(anonymous_8)
FN:172,(anonymous_9)
FN:180,(anonymous_10)
FN:190,(anonymous_11)
FN:196,(anonymous_12)
FN:204,(anonymous_13)
FN:214,(anonymous_14)
FN:222,(anonymous_15)
FN:229,(anonymous_16)
FN:234,(anonymous_17)
FN:239,(anonymous_18)
FNF:19
FNH:0
FNDA:0,(anonymous_0)
FNDA:0,(anonymous_1)
FNDA:0,(anonymous_2)
FNDA:0,(anonymous_3)
FNDA:0,(anonymous_4)
FNDA:0,(anonymous_5)
FNDA:0,(anonymous_6)
FNDA:0,(anonymous_7)
FNDA:0,(anonymous_8)
FNDA:0,(anonymous_9)
FNDA:0,(anonymous_10)
FNDA:0,(anonymous_11)
FNDA:0,(anonymous_12)
FNDA:0,(anonymous_13)
FNDA:0,(anonymous_14)
FNDA:0,(anonymous_15)
FNDA:0,(anonymous_16)
FNDA:0,(anonymous_17)
FNDA:0,(anonymous_18)
DA:34,0
DA:35,0
DA:39,0
DA:49,0
DA:61,0
DA:62,0
DA:63,0
DA:72,0
DA:73,0
DA:87,0
DA:88,0
DA:89,0
DA:100,0
DA:114,0
DA:115,0
DA:116,0
DA:125,0
DA:137,0
DA:138,0
DA:139,0
DA:143,0
DA:147,0
DA:151,0
DA:152,0
DA:153,0
DA:154,0
DA:155,0
DA:157,0
DA:163,0
DA:164,0
DA:167,0
DA:168,0
DA:171,0
DA:172,0
DA:173,0
DA:174,0
DA:175,0
DA:181,0
DA:182,0
DA:184,0
DA:185,0
DA:186,0
DA:187,0
DA:189,0
DA:190,0
DA:191,0
DA:197,0
DA:198,0
DA:201,0
DA:204,0
DA:205,0
DA:206,0
DA:208,0
DA:209,0
DA:215,0
DA:216,0
DA:222,0
DA:225,0
DA:230,0
DA:235,0
DA:240,0
DA:245,0
LF:62
LH:0
BRDA:152,0,0,0
BRDA:152,1,0,0
BRDA:152,1,1,0
BRDA:167,2,0,0
BRDA:167,2,1,0
BRDA:184,3,0,0
BRDA:184,3,1,0
BRDA:205,4,0,0
BRDA:206,5,0,0
BRDA:206,5,1,0
BRDA:208,6,0,0
BRDA:209,7,0,0
BRDA:209,7,1,0
BRDA:230,8,0,0
BRDA:230,8,1,0
BRF:15
BRH:0
end_of_record
TN:
SF:lib\ai-trading-engine.ts
FN:33,(anonymous_0)
FN:37,(anonymous_1)
FN:97,(anonymous_2)
FN:100,(anonymous_3)
FN:109,(anonymous_4)
FN:161,(anonymous_5)
FN:191,(anonymous_6)
FN:195,(anonymous_7)
FN:199,(anonymous_8)
FN:247,(anonymous_9)
FNF:10
FNH:6
FNDA:28,(anonymous_0)
FNDA:20,(anonymous_1)
FNDA:20,(anonymous_2)
FNDA:141,(anonymous_3)
FNDA:32,(anonymous_4)
FNDA:0,(anonymous_5)
FNDA:0,(anonymous_6)
FNDA:0,(anonymous_7)
FNDA:0,(anonymous_8)
FNDA:20,(anonymous_9)
DA:29,2
DA:31,28
DA:34,28
DA:42,20
DA:44,20
DA:46,20
DA:48,20
DA:49,0
DA:50,0
DA:53,20
DA:55,20
DA:78,19
DA:79,19
DA:82,0
DA:83,0
DA:86,0
DA:89,20
DA:91,20
DA:93,20
DA:98,20
DA:101,141
DA:102,141
DA:106,20
DA:110,32
DA:111,32
DA:112,32
DA:113,32
DA:114,32
DA:120,20
DA:162,0
DA:163,0
DA:164,0
DA:167,0
DA:168,0
DA:169,0
DA:172,0
DA:173,0
DA:184,0
DA:186,0
DA:187,0
DA:192,0
DA:196,0
DA:200,0
DA:202,0
DA:203,0
DA:204,0
DA:205,0
DA:218,0
DA:222,0
DA:223,0
DA:224,0
DA:226,0
DA:227,0
DA:228,0
DA:229,0
DA:230,0
DA:231,0
DA:234,0
DA:248,20
LF:59
LH:25
BRDA:46,0,0,20
BRDA:46,0,1,20
BRDA:48,1,0,0
BRDA:50,2,0,0
BRDA:50,2,1,0
BRDA:62,3,0,20
BRDA:62,3,1,0
BRDA:63,4,0,20
BRDA:63,4,1,0
BRDA:64,5,0,20
BRDA:64,5,1,0
BRDA:68,6,0,20
BRDA:68,6,1,0
BRDA:78,7,0,19
BRDA:78,8,0,19
BRDA:78,8,1,0
BRDA:79,9,0,19
BRDA:79,9,1,19
BRDA:83,10,0,0
BRDA:83,10,1,0
BRDA:86,11,0,0
BRDA:86,11,1,0
BRDA:91,12,0,20
BRDA:91,12,1,3
BRDA:101,13,0,141
BRDA:101,13,1,11
BRDA:102,14,0,64
BRDA:102,14,1,77
BRDA:106,15,0,17
BRDA:106,15,1,3
BRDA:110,16,0,32
BRDA:110,16,1,0
BRDA:111,17,0,32
BRDA:111,17,1,0
BRDA:112,18,0,32
BRDA:112,18,1,0
BRDA:113,19,0,32
BRDA:113,19,1,0
BRDA:113,20,0,32
BRDA:113,20,1,32
BRDA:114,21,0,11
BRDA:114,21,1,21
BRDA:162,22,0,0
BRDA:167,23,0,0
BRDA:203,24,0,0
BRDA:206,25,0,0
BRDA:206,25,1,0
BRDA:207,26,0,0
BRDA:207,26,1,0
BRDA:208,27,0,0
BRDA:208,27,1,0
BRDA:209,28,0,0
BRDA:209,28,1,0
BRDA:210,29,0,0
BRDA:210,29,1,0
BRDA:211,30,0,0
BRDA:211,30,1,0
BRDA:212,31,0,0
BRDA:212,31,1,0
BRDA:213,32,0,0
BRDA:213,32,1,0
BRDA:226,33,0,0
BRDA:226,33,1,0
BRDA:226,34,0,0
BRDA:226,34,1,0
BRDA:226,34,2,0
BRDA:229,35,0,0
BRDA:229,36,0,0
BRDA:229,36,1,0
BRDA:229,36,2,0
BRDA:237,37,0,0
BRDA:237,37,1,0
BRDA:240,38,0,0
BRDA:240,38,1,0
BRDA:241,39,0,0
BRDA:241,39,1,0
BRF:76
BRH:26
end_of_record
TN:
SF:lib\autonomous-agent.ts
FN:178,(anonymous_0)
FN:197,(anonymous_1)
FN:254,(anonymous_2)
FN:266,(anonymous_3)
FN:274,(anonymous_4)
FN:287,(anonymous_5)
FN:300,(anonymous_6)
FN:328,(anonymous_7)
FN:355,(anonymous_8)
FN:358,(anonymous_9)
FN:359,(anonymous_10)
FN:367,(anonymous_11)
FN:375,(anonymous_12)
FN:376,(anonymous_13)
FN:377,(anonymous_14)
FN:394,(anonymous_15)
FN:395,(anonymous_16)
FN:396,(anonymous_17)
FN:402,(anonymous_18)
FN:403,(anonymous_19)
FN:404,(anonymous_20)
FN:414,(anonymous_21)
FN:438,(anonymous_22)
FN:460,(anonymous_23)
FN:476,(anonymous_24)
FN:492,(anonymous_25)
FN:499,(anonymous_26)
FN:571,(anonymous_27)
FN:659,(anonymous_28)
FN:668,(anonymous_29)
FN:691,(anonymous_30)
FN:698,(anonymous_31)
FN:707,(anonymous_32)
FN:729,(anonymous_33)
FN:729,(anonymous_34)
FN:730,(anonymous_35)
FN:730,(anonymous_36)
FN:734,(anonymous_37)
FN:737,(anonymous_38)
FN:764,(anonymous_39)
FN:775,(anonymous_40)
FN:789,(anonymous_41)
FN:801,(anonymous_42)
FN:805,(anonymous_43)
FN:809,(anonymous_44)
FN:811,(anonymous_45)
FN:819,(anonymous_46)
FN:820,(anonymous_47)
FN:824,(anonymous_48)
FNF:49
FNH:18
FNDA:9,(anonymous_0)
FNDA:9,(anonymous_1)
FNDA:1,(anonymous_2)
FNDA:0,(anonymous_3)
FNDA:0,(anonymous_4)
FNDA:0,(anonymous_5)
FNDA:0,(anonymous_6)
FNDA:0,(anonymous_7)
FNDA:1,(anonymous_8)
FNDA:5,(anonymous_9)
FNDA:2,(anonymous_10)
FNDA:0,(anonymous_11)
FNDA:0,(anonymous_12)
FNDA:0,(anonymous_13)
FNDA:0,(anonymous_14)
FNDA:0,(anonymous_15)
FNDA:0,(anonymous_16)
FNDA:0,(anonymous_17)
FNDA:0,(anonymous_18)
FNDA:0,(anonymous_19)
FNDA:0,(anonymous_20)
FNDA:1,(anonymous_21)
FNDA:1,(anonymous_22)
FNDA:10,(anonymous_23)
FNDA:0,(anonymous_24)
FNDA:0,(anonymous_25)
FNDA:1,(anonymous_26)
FNDA:1,(anonymous_27)
FNDA:1,(anonymous_28)
FNDA:0,(anonymous_29)
FNDA:1,(anonymous_30)
FNDA:1,(anonymous_31)
FNDA:3,(anonymous_32)
FNDA:0,(anonymous_33)
FNDA:0,(anonymous_34)
FNDA:0,(anonymous_35)
FNDA:0,(anonymous_36)
FNDA:0,(anonymous_37)
FNDA:0,(anonymous_38)
FNDA:1,(anonymous_39)
FNDA:0,(anonymous_40)
FNDA:0,(anonymous_41)
FNDA:4,(anonymous_42)
FNDA:0,(anonymous_43)
FNDA:0,(anonymous_44)
FNDA:0,(anonymous_45)
FNDA:12,(anonymous_46)
FNDA:0,(anonymous_47)
FNDA:0,(anonymous_48)
DA:1,1
DA:2,1
DA:3,1
DA:4,1
DA:6,1
DA:7,1
DA:152,1
DA:159,9
DA:163,9
DA:164,9
DA:165,9
DA:166,9
DA:167,9
DA:170,9
DA:179,9
DA:181,9
DA:182,9
DA:183,9
DA:184,9
DA:185,9
DA:186,9
DA:189,9
DA:191,0
DA:194,9
DA:198,9
DA:255,1
DA:257,1
DA:258,1
DA:259,1
DA:260,1
DA:261,1
DA:262,1
DA:265,1
DA:267,0
DA:273,1
DA:275,0
DA:281,1
DA:283,1
DA:284,1
DA:288,0
DA:289,0
DA:292,0
DA:295,0
DA:297,0
DA:301,0
DA:304,0
DA:305,0
DA:306,0
DA:307,0
DA:312,0
DA:313,0
DA:314,0
DA:315,0
DA:320,0
DA:321,0
DA:322,0
DA:323,0
DA:329,0
DA:330,0
DA:331,0
DA:334,0
DA:337,0
DA:351,0
DA:352,0
DA:356,1
DA:357,1
DA:358,5
DA:359,2
DA:361,1
DA:362,1
DA:363,1
DA:364,1
DA:369,0
DA:370,0
DA:371,0
DA:372,0
DA:375,0
DA:376,0
DA:377,0
DA:379,0
DA:380,0
DA:381,0
DA:384,0
DA:385,0
DA:388,0
DA:389,0
DA:393,0
DA:394,0
DA:395,0
DA:396,0
DA:397,0
DA:401,0
DA:402,0
DA:403,0
DA:404,0
DA:405,0
DA:409,0
DA:410,0
DA:416,1
DA:417,1
DA:420,1
DA:421,0
DA:425,1
DA:426,0
DA:430,1
DA:431,0
DA:435,1
DA:439,1
DA:442,1
DA:445,1
DA:448,1
DA:451,1
DA:454,1
DA:455,1
DA:457,1
DA:461,10
DA:462,1
DA:463,1
DA:466,10
DA:467,1
DA:468,1
DA:471,10
DA:472,10
DA:473,10
DA:477,0
DA:478,0
DA:479,0
DA:482,0
DA:483,0
DA:484,0
DA:487,0
DA:488,0
DA:489,0
DA:493,0
DA:495,0
DA:496,0
DA:500,1
DA:502,1
DA:504,1
DA:506,1
DA:507,0
DA:518,0
DA:522,1
DA:523,0
DA:534,0
DA:538,1
DA:541,1
DA:544,1
DA:545,0
DA:546,0
DA:550,1
DA:551,1
DA:554,1
DA:555,1
DA:558,1
DA:559,0
DA:560,0
DA:561,0
DA:564,0
DA:566,1
DA:567,1
DA:577,1
DA:579,1
DA:595,1
DA:596,0
DA:597,0
DA:598,0
DA:602,1
DA:603,1
DA:604,1
DA:608,0
DA:616,0
DA:617,0
DA:618,0
DA:619,0
DA:623,0
DA:631,0
DA:632,0
DA:646,0
DA:648,0
DA:649,0
DA:650,0
DA:652,0
DA:653,0
DA:656,0
DA:661,1
DA:669,0
DA:670,0
DA:672,0
DA:673,0
DA:675,0
DA:688,0
DA:692,1
DA:693,1
DA:695,1
DA:703,1
DA:705,1
DA:706,1
DA:708,3
DA:709,3
DA:710,3
DA:711,0
DA:712,0
DA:723,0
DA:725,3
DA:726,3
DA:729,0
DA:730,0
DA:734,0
DA:737,0
DA:746,0
DA:748,0
DA:754,1
DA:756,1
DA:765,1
DA:771,1
DA:772,1
DA:776,0
DA:777,0
DA:778,0
DA:780,0
DA:783,0
DA:784,0
DA:785,0
DA:790,0
DA:792,0
DA:793,0
DA:796,0
DA:797,0
DA:802,4
DA:806,0
DA:810,0
DA:811,0
DA:812,0
DA:813,0
DA:814,0
DA:820,12
DA:825,0
DA:826,0
DA:827,0
LF:240
LH:107
BRDA:189,0,0,0
BRDA:255,1,0,0
BRDA:304,2,0,0
BRDA:305,3,0,0
BRDA:312,4,0,0
BRDA:313,5,0,0
BRDA:320,6,0,0
BRDA:321,7,0,0
BRDA:379,8,0,0
BRDA:384,9,0,0
BRDA:388,10,0,0
BRDA:393,11,0,0
BRDA:401,12,0,0
BRDA:405,13,0,0
BRDA:405,13,1,0
BRDA:409,14,0,0
BRDA:420,15,0,0
BRDA:425,16,0,0
BRDA:425,17,0,1
BRDA:425,17,1,0
BRDA:430,18,0,0
BRDA:430,19,0,1
BRDA:430,19,1,0
BRDA:461,20,0,1
BRDA:466,21,0,1
BRDA:477,22,0,0
BRDA:482,23,0,0
BRDA:493,24,0,0
BRDA:500,25,0,0
BRDA:500,26,0,1
BRDA:500,26,1,1
BRDA:506,27,0,0
BRDA:522,28,0,0
BRDA:544,29,0,0
BRDA:558,30,0,0
BRDA:558,31,0,1
BRDA:558,31,1,0
BRDA:591,32,0,1
BRDA:591,32,1,0
BRDA:595,33,0,0
BRDA:602,34,0,1
BRDA:616,35,0,0
BRDA:662,36,0,1
BRDA:662,36,1,1
BRDA:662,36,2,1
BRDA:695,37,0,1
BRDA:695,37,1,1
BRDA:711,38,0,0
BRDA:711,39,0,0
BRDA:711,39,1,0
BRDA:720,40,0,0
BRDA:720,40,1,0
BRDA:737,41,0,0
BRDA:737,41,1,0
BRDA:737,42,0,0
BRDA:737,42,1,0
BRDA:738,43,0,0
BRDA:738,43,1,0
BRDA:739,44,0,0
BRDA:739,44,1,0
BRDA:740,45,0,0
BRDA:740,45,1,0
BRDA:741,46,0,0
BRDA:741,46,1,0
BRDA:741,46,2,0
BRDA:742,47,0,0
BRDA:742,47,1,0
BRDA:743,48,0,0
BRDA:743,48,1,0
BRDA:746,49,0,0
BRDA:746,49,1,0
BRDA:746,50,0,0
BRDA:746,50,1,0
BRDA:783,51,0,0
BRDA:792,52,0,0
BRDA:796,53,0,0
BRDA:805,54,0,0
BRDA:813,55,0,0
BRF:78
BRH:14
end_of_record
TN:
SF:lib\crypto-utils.ts
FN:3,generateHmacSha256
FN:17,(anonymous_10)
FN:20,(anonymous_11)
FNF:3
FNH:0
FNDA:0,generateHmacSha256
FNDA:0,(anonymous_10)
FNDA:0,(anonymous_11)
DA:3,0
DA:5,0
DA:7,0
DA:8,0
DA:9,0
DA:11,0
DA:15,0
DA:16,0
DA:17,0
DA:20,0
DA:21,0
LF:11
LH:0
BRDA:5,0,0,0
BRDA:5,0,1,0
BRDA:5,1,0,0
BRDA:5,1,1,0
BRDA:5,1,2,0
BRF:5
BRH:0
end_of_record
TN:
SF:lib\delta-exchange.ts
FN:12,getDeltaCredentials
FN:29,(anonymous_1)
FN:35,(anonymous_2)
FN:49,(anonymous_3)
FN:136,(anonymous_4)
FN:141,(anonymous_5)
FN:146,(anonymous_6)
FN:152,(anonymous_7)
FN:156,(anonymous_8)
FN:160,(anonymous_9)
FN:170,(anonymous_10)
FN:174,(anonymous_11)
FN:180,createDeltaExchangeAPI
FN:185,createDeltaExchangeAPIFromEnv
FNF:14
FNH:0
FNDA:0,getDeltaCredentials
FNDA:0,(anonymous_1)
FNDA:0,(anonymous_2)
FNDA:0,(anonymous_3)
FNDA:0,(anonymous_4)
FNDA:0,(anonymous_5)
FNDA:0,(anonymous_6)
FNDA:0,(anonymous_7)
FNDA:0,(anonymous_8)
FNDA:0,(anonymous_9)
FNDA:0,(anonymous_10)
FNDA:0,(anonymous_11)
FNDA:0,createDeltaExchangeAPI
FNDA:0,createDeltaExchangeAPIFromEnv
DA:1,0
DA:4,0
DA:12,0
DA:13,0
DA:14,0
DA:16,0
DA:17,0
DA:22,0
DA:25,0
DA:30,0
DA:31,0
DA:44,0
DA:45,0
DA:55,0
DA:56,0
DA:57,0
DA:58,0
DA:61,0
DA:69,0
DA:78,0
DA:80,0
DA:81,0
DA:87,0
DA:88,0
DA:90,0
DA:91,0
DA:94,0
DA:95,0
DA:98,0
DA:99,0
DA:102,0
DA:104,0
DA:105,0
DA:113,0
DA:114,0
DA:115,0
DA:116,0
DA:117,0
DA:118,0
DA:120,0
DA:123,0
DA:124,0
DA:128,0
DA:130,0
DA:131,0
DA:137,0
DA:138,0
DA:142,0
DA:143,0
DA:147,0
DA:148,0
DA:153,0
DA:157,0
DA:167,0
DA:171,0
DA:175,0
DA:180,0
DA:181,0
DA:185,0
DA:186,0
DA:187,0
LF:61
LH:0
BRDA:4,0,0,0
BRDA:4,0,1,0
BRDA:16,1,0,0
BRDA:16,2,0,0
BRDA:16,2,1,0
BRDA:39,3,0,0
BRDA:40,4,0,0
BRDA:52,5,0,0
BRDA:53,6,0,0
BRDA:58,7,0,0
BRDA:58,7,1,0
BRDA:78,8,0,0
BRDA:78,8,1,0
BRDA:84,9,0,0
BRDA:84,9,1,0
BRDA:87,10,0,0
BRDA:104,11,0,0
BRDA:104,11,1,0
BRDA:113,12,0,0
BRDA:113,12,1,0
BRDA:115,13,0,0
BRDA:115,13,1,0
BRDA:117,14,0,0
BRDA:117,14,1,0
BRDA:174,15,0,0
BRF:25
BRH:0
end_of_record
TN:
SF:lib\enhanced-ai-engine.ts
FN:34,(anonymous_0)
FN:39,(anonymous_1)
FN:72,(anonymous_2)
FN:73,(anonymous_3)
FN:74,(anonymous_4)
FN:91,(anonymous_5)
FN:110,(anonymous_6)
FN:121,(anonymous_7)
FN:134,(anonymous_8)
FN:136,(anonymous_9)
FN:141,(anonymous_10)
FN:143,(anonymous_11)
FN:153,(anonymous_12)
FN:159,(anonymous_13)
FN:160,(anonymous_14)
FN:167,(anonymous_15)
FN:171,(anonymous_16)
FN:174,(anonymous_17)
FN:185,(anonymous_18)
FN:200,(anonymous_19)
FN:201,(anonymous_20)
FN:202,(anonymous_21)
FN:203,(anonymous_22)
FN:207,(anonymous_23)
FN:215,(anonymous_24)
FN:217,(anonymous_25)
FN:223,(anonymous_26)
FN:233,(anonymous_27)
FN:268,(anonymous_28)
FN:296,(anonymous_29)
FNF:30
FNH:0
FNDA:0,(anonymous_0)
FNDA:0,(anonymous_1)
FNDA:0,(anonymous_2)
FNDA:0,(anonymous_3)
FNDA:0,(anonymous_4)
FNDA:0,(anonymous_5)
FNDA:0,(anonymous_6)
FNDA:0,(anonymous_7)
FNDA:0,(anonymous_8)
FNDA:0,(anonymous_9)
FNDA:0,(anonymous_10)
FNDA:0,(anonymous_11)
FNDA:0,(anonymous_12)
FNDA:0,(anonymous_13)
FNDA:0,(anonymous_14)
FNDA:0,(anonymous_15)
FNDA:0,(anonymous_16)
FNDA:0,(anonymous_17)
FNDA:0,(anonymous_18)
FNDA:0,(anonymous_19)
FNDA:0,(anonymous_20)
FNDA:0,(anonymous_21)
FNDA:0,(anonymous_22)
FNDA:0,(anonymous_23)
FNDA:0,(anonymous_24)
FNDA:0,(anonymous_25)
FNDA:0,(anonymous_26)
FNDA:0,(anonymous_27)
FNDA:0,(anonymous_28)
FNDA:0,(anonymous_29)
DA:30,0
DA:35,0
DA:36,0
DA:45,0
DA:47,0
DA:49,0
DA:51,0
DA:53,0
DA:63,0
DA:73,0
DA:74,0
DA:77,0
DA:80,0
DA:83,0
DA:86,0
DA:88,0
DA:92,0
DA:94,0
DA:95,0
DA:97,0
DA:98,0
DA:99,0
DA:100,0
DA:103,0
DA:104,0
DA:105,0
DA:107,0
DA:112,0
DA:113,0
DA:114,0
DA:115,0
DA:116,0
DA:118,0
DA:122,0
DA:124,0
DA:125,0
DA:127,0
DA:128,0
DA:131,0
DA:135,0
DA:136,0
DA:137,0
DA:140,0
DA:141,0
DA:143,0
DA:144,0
DA:146,0
DA:154,0
DA:155,0
DA:157,0
DA:158,0
DA:159,0
DA:160,0
DA:161,0
DA:162,0
DA:163,0
DA:164,0
DA:168,0
DA:169,0
DA:171,0
DA:172,0
DA:174,0
DA:177,0
DA:179,0
DA:180,0
DA:182,0
DA:186,0
DA:187,0
DA:188,0
DA:191,0
DA:197,0
DA:201,0
DA:202,0
DA:203,0
DA:204,0
DA:209,0
DA:212,0
DA:217,0
DA:218,0
DA:220,0
DA:225,0
DA:234,0
DA:236,0
DA:237,0
DA:247,0
DA:248,0
DA:251,0
DA:253,0
DA:255,0
DA:269,0
DA:296,0
LF:91
LH:0
BRDA:34,0,0,0
BRDA:91,1,0,0
BRDA:92,2,0,0
BRDA:99,3,0,0
BRDA:99,3,1,0
BRDA:105,4,0,0
BRDA:105,4,1,0
BRDA:122,5,0,0
BRDA:134,6,0,0
BRDA:134,7,0,0
BRDA:135,8,0,0
BRDA:154,9,0,0
BRDA:159,10,0,0
BRDA:159,10,1,0
BRDA:160,11,0,0
BRDA:160,11,1,0
BRDA:161,12,0,0
BRDA:161,12,1,0
BRDA:162,13,0,0
BRDA:162,13,1,0
BRDA:168,14,0,0
BRDA:172,15,0,0
BRDA:172,15,1,0
BRDA:174,16,0,0
BRDA:174,16,1,0
BRDA:191,17,0,0
BRDA:191,17,1,0
BRDA:191,18,0,0
BRDA:191,18,1,0
BRDA:191,18,2,0
BRDA:193,19,0,0
BRDA:193,19,1,0
BRDA:193,20,0,0
BRDA:193,20,1,0
BRDA:193,20,2,0
BRDA:209,21,0,0
BRDA:220,22,0,0
BRDA:220,22,1,0
BRDA:247,23,0,0
BRDA:259,24,0,0
BRDA:259,24,1,0
BRDA:273,25,0,0
BRDA:273,25,1,0
BRDA:273,26,0,0
BRDA:273,26,1,0
BRDA:296,27,0,0
BRDA:296,27,1,0
BRF:47
BRH:0
end_of_record
TN:
SF:lib\hft-orderbook-engine.ts
FN:45,(anonymous_0)
FN:49,(anonymous_1)
FN:50,(anonymous_2)
FN:51,(anonymous_3)
FN:64,(anonymous_4)
FN:71,(anonymous_5)
FN:75,(anonymous_6)
FN:79,(anonymous_7)
FN:85,(anonymous_8)
FN:91,(anonymous_9)
FN:100,(anonymous_10)
FN:115,(anonymous_11)
FN:124,(anonymous_12)
FN:125,(anonymous_13)
FN:126,(anonymous_14)
FN:130,(anonymous_15)
FN:148,(anonymous_16)
FN:152,(anonymous_17)
FN:156,(anonymous_18)
FN:157,(anonymous_19)
FN:162,(anonymous_20)
FN:185,(anonymous_21)
FN:200,(anonymous_22)
FN:210,(anonymous_23)
FN:211,(anonymous_24)
FN:254,(anonymous_25)
FN:261,(anonymous_26)
FN:265,(anonymous_27)
FN:269,(anonymous_28)
FN:282,(anonymous_29)
FN:295,(anonymous_30)
FN:348,(anonymous_31)
FN:357,(anonymous_32)
FN:374,(anonymous_33)
FN:384,(anonymous_34)
FN:388,(anonymous_35)
FN:399,(anonymous_36)
FN:405,(anonymous_37)
FN:409,(anonymous_38)
FN:436,(anonymous_39)
FN:474,(anonymous_40)
FN:517,(anonymous_41)
FN:523,(anonymous_42)
FN:569,(anonymous_43)
FN:578,(anonymous_44)
FN:581,(anonymous_45)
FN:582,(anonymous_46)
FN:587,(anonymous_47)
FN:597,(anonymous_48)
FN:603,(anonymous_49)
FN:607,(anonymous_50)
FN:611,(anonymous_51)
FN:649,(anonymous_52)
FN:655,(anonymous_53)
FN:665,(anonymous_54)
FN:675,(anonymous_55)
FN:678,(anonymous_56)
FN:682,(anonymous_57)
FN:692,(anonymous_58)
FNF:59
FNH:28
FNDA:18,(anonymous_0)
FNDA:12004,(anonymous_1)
FNDA:991002,(anonymous_2)
FNDA:991002,(anonymous_3)
FNDA:0,(anonymous_4)
FNDA:73015,(anonymous_5)
FNDA:73015,(anonymous_6)
FNDA:12002,(anonymous_7)
FNDA:37009,(anonymous_8)
FNDA:12002,(anonymous_9)
FNDA:12002,(anonymous_10)
FNDA:12002,(anonymous_11)
FNDA:12002,(anonymous_12)
FNDA:53003,(anonymous_13)
FNDA:53003,(anonymous_14)
FNDA:0,(anonymous_15)
FNDA:12002,(anonymous_16)
FNDA:0,(anonymous_17)
FNDA:0,(anonymous_18)
FNDA:0,(anonymous_19)
FNDA:12002,(anonymous_20)
FNDA:0,(anonymous_21)
FNDA:0,(anonymous_22)
FNDA:0,(anonymous_23)
FNDA:0,(anonymous_24)
FNDA:16,(anonymous_25)
FNDA:0,(anonymous_26)
FNDA:12004,(anonymous_27)
FNDA:16,(anonymous_28)
FNDA:14,(anonymous_29)
FNDA:12002,(anonymous_30)
FNDA:0,(anonymous_31)
FNDA:0,(anonymous_32)
FNDA:0,(anonymous_33)
FNDA:0,(anonymous_34)
FNDA:0,(anonymous_35)
FNDA:2,(anonymous_36)
FNDA:0,(anonymous_37)
FNDA:2,(anonymous_38)
FNDA:0,(anonymous_39)
FNDA:0,(anonymous_40)
FNDA:0,(anonymous_41)
FNDA:0,(anonymous_42)
FNDA:0,(anonymous_43)
FNDA:0,(anonymous_44)
FNDA:0,(anonymous_45)
FNDA:0,(anonymous_46)
FNDA:0,(anonymous_47)
FNDA:15,(anonymous_48)
FNDA:17,(anonymous_49)
FNDA:0,(anonymous_50)
FNDA:12102,(anonymous_51)
FNDA:1,(anonymous_52)
FNDA:2,(anonymous_53)
FNDA:0,(anonymous_54)
FNDA:0,(anonymous_55)
FNDA:0,(anonymous_56)
FNDA:0,(anonymous_57)
FNDA:0,(anonymous_58)
DA:37,3
DA:38,18
DA:39,18
DA:40,18
DA:41,18
DA:42,18
DA:43,18
DA:46,18
DA:50,991002
DA:51,991002
DA:52,12004
DA:55,12004
DA:56,12004
DA:57,0
DA:58,0
DA:59,0
DA:65,0
DA:66,0
DA:67,0
DA:72,73015
DA:76,73015
DA:80,12002
DA:81,12002
DA:82,12002
DA:86,37009
DA:87,37009
DA:88,37009
DA:92,12002
DA:93,12002
DA:94,12002
DA:96,12002
DA:97,12002
DA:102,12002
DA:104,11001
DA:105,11001
DA:106,11001
DA:107,11001
DA:109,11001
DA:110,11001
DA:112,11001
DA:116,12002
DA:117,12002
DA:118,12002
DA:120,12002
DA:121,12002
DA:125,53003
DA:126,53003
DA:127,12002
DA:131,0
DA:132,0
DA:133,0
DA:134,0
DA:136,0
DA:137,0
DA:139,0
DA:140,0
DA:141,0
DA:142,0
DA:145,0
DA:149,12002
DA:151,0
DA:152,0
DA:153,0
DA:156,0
DA:157,0
DA:159,0
DA:163,12002
DA:164,12002
DA:165,12002
DA:166,12002
DA:167,12002
DA:168,12002
DA:169,12002
DA:171,12002
DA:186,0
DA:187,0
DA:189,0
DA:191,0
DA:192,0
DA:196,0
DA:207,0
DA:208,0
DA:210,0
DA:211,0
DA:213,0
DA:214,0
DA:216,0
DA:217,0
DA:220,0
DA:249,3
DA:252,16
DA:255,16
DA:256,16
DA:262,0
DA:266,12004
DA:270,16
DA:275,3
DA:278,14
DA:288,14
DA:289,14
DA:290,14
DA:291,14
DA:292,14
DA:296,12002
DA:298,12002
DA:299,12002
DA:301,12002
DA:303,0
DA:306,0
DA:307,0
DA:308,0
DA:311,0
DA:312,0
DA:315,0
DA:317,0
DA:318,0
DA:319,0
DA:331,0
DA:332,0
DA:333,0
DA:345,0
DA:350,0
DA:351,0
DA:352,0
DA:354,0
DA:358,0
DA:361,0
DA:362,0
DA:365,0
DA:366,0
DA:369,0
DA:371,0
DA:375,0
DA:376,0
DA:378,0
DA:379,0
DA:380,0
DA:381,0
DA:385,0
DA:389,0
DA:394,3
DA:397,2
DA:400,2
DA:401,2
DA:402,2
DA:406,0
DA:410,2
DA:412,2
DA:413,2
DA:416,2
DA:417,2
DA:420,2
DA:421,2
DA:424,2
DA:425,2
DA:427,0
DA:428,0
DA:429,0
DA:433,2
DA:440,0
DA:441,0
DA:443,0
DA:446,0
DA:447,0
DA:448,0
DA:449,0
DA:451,0
DA:454,0
DA:455,0
DA:456,0
DA:457,0
DA:458,0
DA:463,0
DA:464,0
DA:465,0
DA:466,0
DA:467,0
DA:471,0
DA:479,0
DA:481,0
DA:511,3
DA:512,0
DA:513,0
DA:518,0
DA:519,0
DA:520,0
DA:524,0
DA:526,0
DA:527,0
DA:529,0
DA:532,0
DA:533,0
DA:535,0
DA:536,0
DA:537,0
DA:540,0
DA:542,0
DA:543,0
DA:544,0
DA:546,0
DA:547,0
DA:548,0
DA:549,0
DA:551,0
DA:566,0
DA:570,0
DA:572,0
DA:573,0
DA:575,0
DA:579,0
DA:581,0
DA:582,0
DA:584,0
DA:588,0
DA:589,0
DA:590,0
DA:592,0
DA:597,3
DA:598,15
DA:599,15
DA:600,15
DA:601,15
DA:604,17
DA:608,0
DA:612,12102
DA:613,12102
DA:615,12102
DA:616,12104
DA:618,12104
DA:619,12104
DA:620,12104
DA:621,12062
DA:624,12062
DA:625,8
DA:627,12062
DA:628,12062
DA:629,12062
DA:631,12062
DA:633,42
DA:638,12102
DA:639,12102
DA:640,0
DA:643,12102
DA:644,12102
DA:646,12102
DA:650,1
DA:652,1
DA:653,2
DA:655,2
DA:656,2
DA:657,2
DA:659,2
DA:662,1
DA:666,0
DA:675,3
DA:676,0
DA:679,0
DA:683,0
DA:684,0
DA:690,3
DA:693,0
LF:261
LH:120
BRDA:45,0,0,18
BRDA:56,1,0,0
BRDA:58,2,0,0
BRDA:66,3,0,0
BRDA:72,4,0,73015
BRDA:72,4,1,0
BRDA:76,5,0,73015
BRDA:76,5,1,0
BRDA:82,6,0,12002
BRDA:82,6,1,0
BRDA:82,7,0,12002
BRDA:82,7,1,12002
BRDA:88,8,0,37009
BRDA:88,8,1,0
BRDA:88,9,0,37009
BRDA:88,9,1,37009
BRDA:94,10,0,0
BRDA:94,11,0,12002
BRDA:94,11,1,12002
BRDA:97,12,0,0
BRDA:97,12,1,12002
BRDA:102,13,0,1001
BRDA:102,14,0,12002
BRDA:102,14,1,11001
BRDA:118,15,0,0
BRDA:118,16,0,12002
BRDA:118,16,1,12002
BRDA:121,17,0,0
BRDA:121,17,1,12002
BRDA:124,18,0,12002
BRDA:131,19,0,0
BRDA:131,19,1,0
BRDA:137,20,0,0
BRDA:145,21,0,0
BRDA:145,21,1,0
BRDA:148,22,0,12002
BRDA:149,23,0,12002
BRDA:186,24,0,0
BRDA:186,24,1,0
BRDA:189,25,0,0
BRDA:191,26,0,0
BRDA:191,26,1,0
BRDA:192,27,0,0
BRDA:192,27,1,0
BRDA:200,28,0,0
BRDA:213,29,0,0
BRDA:213,29,1,0
BRDA:214,30,0,0
BRDA:214,30,1,0
BRDA:217,31,0,0
BRDA:217,31,1,0
BRDA:283,32,0,2
BRDA:284,33,0,2
BRDA:285,34,0,2
BRDA:286,35,0,2
BRDA:296,36,0,0
BRDA:296,37,0,12002
BRDA:296,37,1,12002
BRDA:301,38,0,12002
BRDA:301,39,0,12002
BRDA:301,39,1,0
BRDA:315,40,0,0
BRDA:317,41,0,0
BRDA:331,42,0,0
BRDA:365,43,0,0
BRDA:365,44,0,0
BRDA:365,44,1,0
BRDA:366,45,0,0
BRDA:366,46,0,0
BRDA:366,46,1,0
BRDA:378,47,0,0
BRDA:378,48,0,0
BRDA:378,48,1,0
BRDA:379,49,0,0
BRDA:379,50,0,0
BRDA:379,50,1,0
BRDA:380,51,0,0
BRDA:399,52,0,0
BRDA:399,53,0,0
BRDA:410,54,0,0
BRDA:410,55,0,2
BRDA:410,55,1,2
BRDA:416,56,0,2
BRDA:425,57,0,2
BRDA:428,58,0,0
BRDA:443,59,0,0
BRDA:443,60,0,0
BRDA:443,60,1,0
BRDA:451,61,0,0
BRDA:451,62,0,0
BRDA:451,62,1,0
BRDA:451,62,2,0
BRDA:451,62,3,0
BRDA:454,63,0,0
BRDA:456,64,0,0
BRDA:463,65,0,0
BRDA:465,66,0,0
BRDA:479,67,0,0
BRDA:479,67,1,0
BRDA:490,68,0,0
BRDA:490,68,1,0
BRDA:502,69,0,0
BRDA:502,69,1,0
BRDA:517,70,0,0
BRDA:517,71,0,0
BRDA:524,72,0,0
BRDA:524,73,0,0
BRDA:524,73,1,0
BRDA:529,74,0,0
BRDA:535,75,0,0
BRDA:540,76,0,0
BRDA:546,77,0,0
BRDA:547,78,0,0
BRDA:547,78,1,0
BRDA:549,79,0,0
BRDA:549,79,1,0
BRDA:570,80,0,0
BRDA:579,81,0,0
BRDA:584,82,0,0
BRDA:584,82,1,0
BRDA:612,83,0,12102
BRDA:612,83,1,0
BRDA:616,84,0,0
BRDA:619,85,0,12104
BRDA:619,85,1,0
BRDA:621,86,0,12062
BRDA:621,86,1,0
BRDA:624,87,0,8
BRDA:629,88,0,9000
BRDA:639,89,0,0
BRDA:643,90,0,12102
BRDA:643,90,1,0
BRDA:653,91,0,0
BRDA:666,92,0,0
BRDA:666,92,1,0
BRF:135
BRH:39
end_of_record
TN:
SF:lib\live-strategy-runner.ts
FN:20,(anonymous_0)
FN:26,(anonymous_1)
FN:42,(anonymous_2)
FN:45,(anonymous_3)
FN:48,(anonymous_4)
FN:53,(anonymous_5)
FNF:6
FNH:0
FNDA:0,(anonymous_0)
FNDA:0,(anonymous_1)
FNDA:0,(anonymous_2)
FNDA:0,(anonymous_3)
FNDA:0,(anonymous_4)
FNDA:0,(anonymous_5)
DA:15,0
DA:16,0
DA:17,0
DA:18,0
DA:21,0
DA:22,0
DA:23,0
DA:27,0
DA:28,0
DA:30,0
DA:31,0
DA:37,0
DA:38,0
DA:43,0
DA:44,0
DA:45,0
DA:49,0
DA:50,0
DA:54,0
LF:19
LH:0
BRDA:30,0,0,0
BRDA:43,1,0,0
BRDA:49,2,0,0
BRF:3
BRH:0
end_of_record
TN:
SF:lib\market-data-provider.ts
FN:92,(anonymous_0)
FN:105,(anonymous_1)
FN:106,(anonymous_2)
FN:115,(anonymous_3)
FN:122,(anonymous_4)
FN:126,(anonymous_5)
FN:130,(anonymous_6)
FN:135,(anonymous_7)
FN:142,(anonymous_8)
FN:146,(anonymous_9)
FN:151,(anonymous_10)
FN:163,(anonymous_11)
FN:181,(anonymous_12)
FN:192,(anonymous_13)
FN:194,(anonymous_14)
FN:210,(anonymous_15)
FN:211,(anonymous_16)
FN:223,(anonymous_17)
FN:230,(anonymous_18)
FN:258,(anonymous_19)
FN:279,(anonymous_20)
FN:294,(anonymous_21)
FN:310,(anonymous_22)
FN:322,(anonymous_23)
FN:339,(anonymous_24)
FN:363,(anonymous_25)
FN:381,(anonymous_26)
FN:401,(anonymous_27)
FN:405,(anonymous_28)
FN:410,(anonymous_29)
FN:414,(anonymous_30)
FN:418,(anonymous_31)
FN:422,(anonymous_32)
FN:433,(anonymous_33)
FN:464,(anonymous_34)
FN:469,(anonymous_35)
FN:474,(anonymous_36)
FN:479,(anonymous_37)
FN:495,(anonymous_38)
FN:499,(anonymous_39)
FN:513,(anonymous_40)
FN:525,(anonymous_41)
FNF:42
FNH:11
FNDA:15,(anonymous_0)
FNDA:1,(anonymous_1)
FNDA:1,(anonymous_2)
FNDA:0,(anonymous_3)
FNDA:0,(anonymous_4)
FNDA:0,(anonymous_5)
FNDA:0,(anonymous_6)
FNDA:0,(anonymous_7)
FNDA:0,(anonymous_8)
FNDA:0,(anonymous_9)
FNDA:0,(anonymous_10)
FNDA:12,(anonymous_11)
FNDA:0,(anonymous_12)
FNDA:0,(anonymous_13)
FNDA:0,(anonymous_14)
FNDA:0,(anonymous_15)
FNDA:0,(anonymous_16)
FNDA:12,(anonymous_17)
FNDA:0,(anonymous_18)
FNDA:0,(anonymous_19)
FNDA:0,(anonymous_20)
FNDA:0,(anonymous_21)
FNDA:0,(anonymous_22)
FNDA:7,(anonymous_23)
FNDA:1,(anonymous_24)
FNDA:1104,(anonymous_25)
FNDA:1103,(anonymous_26)
FNDA:208,(anonymous_27)
FNDA:1105,(anonymous_28)
FNDA:0,(anonymous_29)
FNDA:0,(anonymous_30)
FNDA:0,(anonymous_31)
FNDA:0,(anonymous_32)
FNDA:0,(anonymous_33)
FNDA:0,(anonymous_34)
FNDA:0,(anonymous_35)
FNDA:0,(anonymous_36)
FNDA:0,(anonymous_37)
FNDA:0,(anonymous_38)
FNDA:0,(anonymous_39)
FNDA:0,(anonymous_40)
FNDA:0,(anonymous_41)
DA:76,3
DA:77,15
DA:78,15
DA:80,15
DA:81,15
DA:82,15
DA:83,15
DA:87,15
DA:88,15
DA:89,15
DA:90,15
DA:93,15
DA:94,15
DA:106,1
DA:107,1
DA:109,1
DA:110,1
DA:113,0
DA:115,0
DA:116,0
DA:117,0
DA:118,0
DA:119,0
DA:121,0
DA:122,0
DA:123,0
DA:126,0
DA:127,0
DA:130,0
DA:131,0
DA:132,0
DA:133,0
DA:135,0
DA:137,0
DA:138,0
DA:142,0
DA:143,0
DA:144,0
DA:145,0
DA:146,0
DA:147,0
DA:151,0
DA:152,0
DA:153,0
DA:158,1
DA:164,12
DA:165,0
DA:166,0
DA:169,12
DA:171,12
DA:172,0
DA:173,0
DA:176,12
DA:177,12
DA:178,12
DA:182,0
DA:183,0
DA:184,0
DA:187,0
DA:188,0
DA:190,0
DA:192,0
DA:193,0
DA:194,0
DA:195,0
DA:198,0
DA:199,0
DA:200,0
DA:204,0
DA:205,0
DA:211,0
DA:212,0
DA:213,0
DA:214,0
DA:217,0
DA:218,0
DA:224,12
DA:225,0
DA:226,0
DA:231,0
DA:232,0
DA:233,0
DA:236,0
DA:239,0
DA:241,0
DA:242,0
DA:244,0
DA:245,0
DA:247,0
DA:248,0
DA:250,0
DA:253,0
DA:254,0
DA:259,0
DA:260,0
DA:261,0
DA:274,0
DA:280,0
DA:281,0
DA:282,0
DA:289,0
DA:295,0
DA:296,0
DA:297,0
DA:305,0
DA:311,0
DA:312,0
DA:317,0
DA:324,7
DA:340,1
DA:341,1
DA:343,1
DA:344,25
DA:345,25
DA:347,25
DA:360,1
DA:364,1104
DA:365,1104
DA:370,1104
DA:371,1104
DA:374,1104
DA:375,0
DA:378,1104
DA:382,1103
DA:383,1103
DA:384,1103
DA:387,1103
DA:388,0
DA:393,0
DA:396,1103
DA:397,1103
DA:402,208
DA:406,1105
DA:411,0
DA:415,0
DA:419,0
DA:423,0
DA:429,3
DA:430,0
DA:431,0
DA:435,0
DA:449,0
DA:466,0
DA:471,0
DA:475,0
DA:476,0
DA:479,0
DA:480,0
DA:481,0
DA:482,0
DA:484,0
DA:485,0
DA:486,0
DA:487,0
DA:492,0
DA:496,0
DA:500,0
DA:501,0
DA:503,0
DA:510,0
DA:514,0
DA:526,0
DA:531,3
LF:163
LH:49
BRDA:92,0,0,11
BRDA:109,1,0,1
BRDA:137,2,0,0
BRDA:152,3,0,0
BRDA:164,4,0,0
BRDA:171,5,0,0
BRDA:182,6,0,0
BRDA:199,7,0,0
BRDA:212,8,0,0
BRDA:224,9,0,0
BRDA:236,10,0,0
BRDA:236,10,1,0
BRDA:236,10,2,0
BRDA:236,10,3,0
BRDA:236,10,4,0
BRDA:260,11,0,0
BRDA:260,12,0,0
BRDA:260,12,1,0
BRDA:260,12,2,0
BRDA:263,13,0,0
BRDA:263,13,1,0
BRDA:281,14,0,0
BRDA:281,15,0,0
BRDA:281,15,1,0
BRDA:281,15,2,0
BRDA:284,16,0,0
BRDA:284,16,1,0
BRDA:285,17,0,0
BRDA:285,17,1,0
BRDA:286,18,0,0
BRDA:286,18,1,0
BRDA:296,19,0,0
BRDA:296,20,0,0
BRDA:296,20,1,0
BRDA:296,20,2,0
BRDA:299,21,0,0
BRDA:299,21,1,0
BRDA:311,22,0,0
BRDA:374,23,0,0
BRDA:383,24,0,1103
BRDA:387,25,0,0
BRDA:406,26,0,1105
BRDA:406,26,1,0
BRDA:480,27,0,0
BRDA:482,28,0,0
BRDA:501,29,0,0
BRF:46
BRH:4
end_of_record
TN:
SF:lib\portfolio-optimizer.ts
FN:73,(anonymous_0)
FN:77,(anonymous_1)
FN:142,(anonymous_2)
FN:155,(anonymous_3)
FN:161,(anonymous_4)
FN:162,(anonymous_5)
FN:170,(anonymous_6)
FN:178,(anonymous_7)
FN:198,(anonymous_8)
FN:198,(anonymous_9)
FN:203,(anonymous_10)
FN:212,(anonymous_11)
FN:220,(anonymous_12)
FN:234,(anonymous_13)
FN:237,(anonymous_14)
FN:244,(anonymous_15)
FN:252,(anonymous_16)
FN:255,(anonymous_17)
FN:264,(anonymous_18)
FN:265,(anonymous_19)
FN:272,(anonymous_20)
FN:280,(anonymous_21)
FN:298,(anonymous_22)
FN:314,(anonymous_23)
FN:327,(anonymous_24)
FN:337,(anonymous_25)
FN:339,(anonymous_26)
FN:345,(anonymous_27)
FN:406,(anonymous_28)
FN:421,(anonymous_29)
FN:423,(anonymous_30)
FN:427,(anonymous_31)
FN:429,(anonymous_32)
FN:430,(anonymous_33)
FN:433,(anonymous_34)
FN:436,(anonymous_35)
FN:440,(anonymous_36)
FN:442,(anonymous_37)
FN:445,(anonymous_38)
FN:450,(anonymous_39)
FN:452,(anonymous_40)
FN:456,(anonymous_41)
FN:458,(anonymous_42)
FN:466,(anonymous_43)
FN:472,(anonymous_44)
FN:475,(anonymous_45)
FN:476,(anonymous_46)
FN:479,(anonymous_47)
FN:481,(anonymous_48)
FN:485,(anonymous_49)
FN:492,(anonymous_50)
FN:499,(anonymous_51)
FN:500,(anonymous_52)
FN:513,(anonymous_53)
FN:516,(anonymous_54)
FN:526,(anonymous_55)
FN:529,(anonymous_56)
FN:539,(anonymous_57)
FN:543,(anonymous_58)
FN:545,(anonymous_59)
FN:559,(anonymous_60)
FN:562,(anonymous_61)
FN:570,(anonymous_62)
FN:583,(anonymous_63)
FN:592,(anonymous_64)
FN:593,(anonymous_65)
FN:600,(anonymous_66)
FN:604,(anonymous_67)
FN:609,(anonymous_68)
FN:616,(anonymous_69)
FN:617,(anonymous_70)
FN:628,(anonymous_71)
FN:636,(anonymous_72)
FN:637,(anonymous_73)
FN:649,(anonymous_74)
FN:658,(anonymous_75)
FN:685,(anonymous_76)
FN:688,(anonymous_77)
FN:713,(anonymous_78)
FN:715,(anonymous_79)
FN:716,(anonymous_80)
FN:722,(anonymous_81)
FN:724,(anonymous_82)
FN:729,(anonymous_83)
FN:731,(anonymous_84)
FN:732,(anonymous_85)
FN:733,(anonymous_86)
FN:738,(anonymous_87)
FN:740,(anonymous_88)
FN:741,(anonymous_89)
FN:744,(anonymous_90)
FN:745,(anonymous_91)
FNF:92
FNH:51
FNDA:10,(anonymous_0)
FNDA:7,(anonymous_1)
FNDA:0,(anonymous_2)
FNDA:0,(anonymous_3)
FNDA:0,(anonymous_4)
FNDA:0,(anonymous_5)
FNDA:0,(anonymous_6)
FNDA:0,(anonymous_7)
FNDA:0,(anonymous_8)
FNDA:0,(anonymous_9)
FNDA:0,(anonymous_10)
FNDA:0,(anonymous_11)
FNDA:0,(anonymous_12)
FNDA:0,(anonymous_13)
FNDA:0,(anonymous_14)
FNDA:0,(anonymous_15)
FNDA:0,(anonymous_16)
FNDA:0,(anonymous_17)
FNDA:0,(anonymous_18)
FNDA:0,(anonymous_19)
FNDA:0,(anonymous_20)
FNDA:7,(anonymous_21)
FNDA:7,(anonymous_22)
FNDA:7,(anonymous_23)
FNDA:0,(anonymous_24)
FNDA:0,(anonymous_25)
FNDA:0,(anonymous_26)
FNDA:0,(anonymous_27)
FNDA:0,(anonymous_28)
FNDA:0,(anonymous_29)
FNDA:0,(anonymous_30)
FNDA:7,(anonymous_31)
FNDA:16,(anonymous_32)
FNDA:16,(anonymous_33)
FNDA:16,(anonymous_34)
FNDA:4,(anonymous_35)
FNDA:7,(anonymous_36)
FNDA:16,(anonymous_37)
FNDA:16,(anonymous_38)
FNDA:7,(anonymous_39)
FNDA:16,(anonymous_40)
FNDA:14,(anonymous_41)
FNDA:32,(anonymous_42)
FNDA:7,(anonymous_43)
FNDA:14,(anonymous_44)
FNDA:32,(anonymous_45)
FNDA:32,(anonymous_46)
FNDA:7,(anonymous_47)
FNDA:16,(anonymous_48)
FNDA:16,(anonymous_49)
FNDA:7,(anonymous_50)
FNDA:16,(anonymous_51)
FNDA:16,(anonymous_52)
FNDA:7,(anonymous_53)
FNDA:21,(anonymous_54)
FNDA:7,(anonymous_55)
FNDA:99,(anonymous_56)
FNDA:7,(anonymous_57)
FNDA:99,(anonymous_58)
FNDA:3127,(anonymous_59)
FNDA:7,(anonymous_60)
FNDA:99,(anonymous_61)
FNDA:7,(anonymous_62)
FNDA:16,(anonymous_63)
FNDA:16,(anonymous_64)
FNDA:16,(anonymous_65)
FNDA:7,(anonymous_66)
FNDA:16,(anonymous_67)
FNDA:7,(anonymous_68)
FNDA:16,(anonymous_69)
FNDA:106,(anonymous_70)
FNDA:7,(anonymous_71)
FNDA:16,(anonymous_72)
FNDA:106,(anonymous_73)
FNDA:7,(anonymous_74)
FNDA:16,(anonymous_75)
FNDA:13,(anonymous_76)
FNDA:0,(anonymous_77)
FNDA:0,(anonymous_78)
FNDA:0,(anonymous_79)
FNDA:0,(anonymous_80)
FNDA:0,(anonymous_81)
FNDA:0,(anonymous_82)
FNDA:0,(anonymous_83)
FNDA:0,(anonymous_84)
FNDA:0,(anonymous_85)
FNDA:0,(anonymous_86)
FNDA:0,(anonymous_87)
FNDA:0,(anonymous_88)
FNDA:0,(anonymous_89)
FNDA:0,(anonymous_90)
FNDA:0,(anonymous_91)
DA:73,3
DA:74,10
DA:75,10
DA:84,7
DA:85,7
DA:86,7
DA:87,7
DA:88,7
DA:92,7
DA:94,0
DA:95,0
DA:97,0
DA:98,0
DA:100,0
DA:101,0
DA:103,0
DA:104,0
DA:106,7
DA:110,7
DA:111,7
DA:112,7
DA:113,7
DA:114,7
DA:115,7
DA:116,7
DA:117,7
DA:118,7
DA:119,7
DA:120,7
DA:122,7
DA:124,7
DA:143,0
DA:144,0
DA:147,0
DA:150,0
DA:151,0
DA:152,0
DA:155,0
DA:156,0
DA:157,0
DA:161,0
DA:162,0
DA:165,0
DA:169,0
DA:170,0
DA:171,0
DA:174,0
DA:179,0
DA:180,0
DA:183,0
DA:186,0
DA:189,0
DA:192,0
DA:193,0
DA:194,0
DA:197,0
DA:198,0
DA:201,0
DA:202,0
DA:203,0
DA:204,0
DA:206,0
DA:211,0
DA:212,0
DA:213,0
DA:216,0
DA:221,0
DA:222,0
DA:227,0
DA:228,0
DA:231,0
DA:234,0
DA:237,0
DA:240,0
DA:243,0
DA:244,0
DA:245,0
DA:248,0
DA:253,0
DA:254,0
DA:255,0
DA:260,0
DA:261,0
DA:264,0
DA:265,0
DA:268,0
DA:271,0
DA:272,0
DA:273,0
DA:276,0
DA:281,7
DA:282,7
DA:283,7
DA:285,7
DA:286,16
DA:287,16
DA:288,106
DA:289,106
DA:290,106
DA:291,106
DA:295,7
DA:299,7
DA:300,7
DA:301,7
DA:303,7
DA:304,16
DA:305,16
DA:306,106
DA:308,16
DA:311,7
DA:315,7
DA:316,7
DA:318,7
DA:319,16
DA:320,106
DA:324,7
DA:328,0
DA:329,0
DA:332,0
DA:333,0
DA:337,0
DA:338,0
DA:339,0
DA:342,0
DA:346,0
DA:349,0
DA:350,0
DA:351,0
DA:352,0
DA:353,0
DA:358,0
DA:360,0
DA:361,0
DA:362,0
DA:363,0
DA:368,0
DA:371,0
DA:372,0
DA:374,0
DA:375,0
DA:376,0
DA:377,0
DA:379,0
DA:382,0
DA:383,0
DA:387,0
DA:388,0
DA:389,0
DA:390,0
DA:391,0
DA:398,0
DA:399,0
DA:400,0
DA:403,0
DA:407,0
DA:408,0
DA:410,0
DA:411,0
DA:412,0
DA:413,0
DA:415,0
DA:418,0
DA:423,0
DA:428,7
DA:429,16
DA:430,16
DA:433,16
DA:434,7
DA:436,4
DA:437,2
DA:441,7
DA:442,16
DA:445,16
DA:447,7
DA:451,7
DA:452,16
DA:453,7
DA:457,14
DA:458,32
DA:459,14
DA:462,14
DA:463,14
DA:467,7
DA:469,7
DA:474,14
DA:475,32
DA:476,32
DA:480,7
DA:481,16
DA:482,7
DA:484,7
DA:485,7
DA:486,16
DA:489,7
DA:497,7
DA:499,16
DA:500,16
DA:502,7
DA:505,7
DA:514,7
DA:516,7
DA:517,21
DA:518,21
DA:519,21
DA:520,21
DA:523,7
DA:527,7
DA:529,7
DA:531,99
DA:532,99
DA:533,99
DA:536,7
DA:540,7
DA:543,7
DA:544,99
DA:545,99
DA:546,3127
DA:547,3037
DA:550,90
DA:551,90
DA:556,7
DA:560,7
DA:562,7
DA:564,99
DA:567,7
DA:576,7
DA:577,7
DA:580,7
DA:581,7
DA:583,7
DA:584,16
DA:585,16
DA:592,16
DA:593,7
DA:594,16
DA:597,7
DA:604,7
DA:605,16
DA:614,7
DA:616,7
DA:617,16
DA:618,106
DA:619,106
DA:620,106
DA:621,106
DA:625,7
DA:632,7
DA:633,7
DA:634,7
DA:636,7
DA:637,16
DA:638,106
DA:639,90
DA:640,90
DA:645,7
DA:646,7
DA:655,7
DA:656,7
DA:658,7
DA:659,16
DA:660,16
DA:662,16
DA:663,13
DA:664,13
DA:666,13
DA:685,13
DA:698,0
DA:699,0
DA:700,0
DA:701,0
DA:702,0
DA:704,0
DA:715,0
DA:716,0
DA:719,0
DA:723,0
DA:724,0
DA:726,0
DA:731,0
DA:732,0
DA:733,0
DA:735,0
DA:740,0
DA:741,0
DA:745,0
DA:747,0
DA:751,3
LF:287
LH:153
BRDA:82,0,0,6
BRDA:92,1,0,0
BRDA:92,1,1,0
BRDA:92,1,2,0
BRDA:92,1,3,0
BRDA:92,1,4,7
BRDA:201,2,0,0
BRDA:290,3,0,106
BRDA:290,3,1,0
BRDA:290,4,0,0
BRDA:290,4,1,0
BRDA:338,5,0,0
BRDA:353,6,0,0
BRDA:353,6,1,0
BRDA:362,7,0,0
BRDA:372,8,0,0
BRDA:388,9,0,0
BRDA:434,10,0,5
BRDA:434,11,0,2
BRDA:434,11,1,3
BRDA:437,12,0,2
BRDA:437,12,1,0
BRDA:447,13,0,4
BRDA:447,13,1,3
BRDA:462,14,0,14
BRDA:462,14,1,0
BRDA:499,15,0,16
BRDA:499,15,1,3
BRDA:546,16,0,3037
BRDA:546,16,1,90
BRDA:584,17,0,16
BRDA:584,17,1,3
BRDA:605,18,0,16
BRDA:605,18,1,3
BRDA:618,19,0,106
BRDA:618,19,1,0
BRDA:619,20,0,106
BRDA:619,20,1,3
BRDA:620,21,0,106
BRDA:620,21,1,3
BRDA:638,22,0,90
BRDA:639,23,0,90
BRDA:639,23,1,0
BRDA:645,24,0,1
BRDA:645,24,1,6
BRDA:659,25,0,16
BRDA:659,25,1,3
BRDA:662,26,0,13
BRDA:664,27,0,13
BRDA:664,27,1,0
BRDA:674,28,0,7
BRDA:674,28,1,6
BRDA:674,29,0,6
BRDA:674,29,1,0
BRDA:679,30,0,13
BRDA:679,30,1,0
BRDA:702,31,0,0
BRDA:702,31,1,0
BRDA:716,32,0,0
BRDA:716,32,1,0
BRDA:719,33,0,0
BRDA:719,33,1,0
BRDA:731,34,0,0
BRDA:731,34,1,0
BRDA:735,35,0,0
BRDA:735,35,1,0
BRDA:740,36,0,0
BRDA:740,36,1,0
BRDA:741,37,0,0
BRDA:741,37,1,0
BRDA:741,38,0,0
BRDA:741,38,1,0
BRDA:745,39,0,0
BRDA:745,39,1,0
BRF:74
BRH:35
end_of_record
TN:
SF:lib\position-manager.ts
FN:94,(anonymous_0)
FN:99,(anonymous_1)
FN:101,(anonymous_2)
FN:106,(anonymous_3)
FN:111,(anonymous_4)
FN:118,(anonymous_5)
FN:125,(anonymous_6)
FN:136,(anonymous_7)
FN:148,(anonymous_8)
FN:180,(anonymous_9)
FN:208,(anonymous_10)
FN:210,(anonymous_11)
FN:214,(anonymous_12)
FN:248,(anonymous_13)
FN:253,(anonymous_14)
FN:281,(anonymous_15)
FN:289,(anonymous_16)
FN:297,(anonymous_17)
FN:312,(anonymous_18)
FN:313,(anonymous_19)
FN:316,(anonymous_20)
FN:317,(anonymous_21)
FN:318,(anonymous_22)
FN:325,(anonymous_23)
FN:328,(anonymous_24)
FN:330,(anonymous_25)
FN:335,(anonymous_26)
FN:357,(anonymous_27)
FN:370,(anonymous_28)
FN:380,(anonymous_29)
FN:415,(anonymous_30)
FN:421,(anonymous_31)
FN:448,(anonymous_32)
FN:451,(anonymous_33)
FN:451,(anonymous_34)
FN:451,(anonymous_35)
FN:461,(anonymous_36)
FN:466,(anonymous_37)
FN:467,(anonymous_38)
FN:484,(anonymous_39)
FN:488,(anonymous_40)
FN:489,(anonymous_41)
FN:492,(anonymous_42)
FN:496,(anonymous_43)
FN:500,(anonymous_44)
FN:502,(anonymous_45)
FN:510,(anonymous_46)
FN:511,(anonymous_47)
FN:514,(anonymous_48)
FNF:49
FNH:0
FNDA:0,(anonymous_0)
FNDA:0,(anonymous_1)
FNDA:0,(anonymous_2)
FNDA:0,(anonymous_3)
FNDA:0,(anonymous_4)
FNDA:0,(anonymous_5)
FNDA:0,(anonymous_6)
FNDA:0,(anonymous_7)
FNDA:0,(anonymous_8)
FNDA:0,(anonymous_9)
FNDA:0,(anonymous_10)
FNDA:0,(anonymous_11)
FNDA:0,(anonymous_12)
FNDA:0,(anonymous_13)
FNDA:0,(anonymous_14)
FNDA:0,(anonymous_15)
FNDA:0,(anonymous_16)
FNDA:0,(anonymous_17)
FNDA:0,(anonymous_18)
FNDA:0,(anonymous_19)
FNDA:0,(anonymous_20)
FNDA:0,(anonymous_21)
FNDA:0,(anonymous_22)
FNDA:0,(anonymous_23)
FNDA:0,(anonymous_24)
FNDA:0,(anonymous_25)
FNDA:0,(anonymous_26)
FNDA:0,(anonymous_27)
FNDA:0,(anonymous_28)
FNDA:0,(anonymous_29)
FNDA:0,(anonymous_30)
FNDA:0,(anonymous_31)
FNDA:0,(anonymous_32)
FNDA:0,(anonymous_33)
FNDA:0,(anonymous_34)
FNDA:0,(anonymous_35)
FNDA:0,(anonymous_36)
FNDA:0,(anonymous_37)
FNDA:0,(anonymous_38)
FNDA:0,(anonymous_39)
FNDA:0,(anonymous_40)
FNDA:0,(anonymous_41)
FNDA:0,(anonymous_42)
FNDA:0,(anonymous_43)
FNDA:0,(anonymous_44)
FNDA:0,(anonymous_45)
FNDA:0,(anonymous_46)
FNDA:0,(anonymous_47)
FNDA:0,(anonymous_48)
DA:1,0
DA:2,0
DA:83,0
DA:84,0
DA:85,0
DA:87,0
DA:88,0
DA:89,0
DA:90,0
DA:91,0
DA:92,0
DA:95,0
DA:96,0
DA:101,0
DA:102,0
DA:106,0
DA:107,0
DA:112,0
DA:114,0
DA:115,0
DA:118,0
DA:119,0
DA:122,0
DA:126,0
DA:127,0
DA:128,0
DA:131,0
DA:132,0
DA:133,0
DA:137,0
DA:139,0
DA:141,0
DA:144,0
DA:149,0
DA:173,0
DA:174,0
DA:176,0
DA:177,0
DA:187,0
DA:188,0
DA:190,0
DA:191,0
DA:192,0
DA:193,0
DA:194,0
DA:196,0
DA:197,0
DA:198,0
DA:201,0
DA:202,0
DA:204,0
DA:205,0
DA:209,0
DA:210,0
DA:215,0
DA:216,0
DA:218,0
DA:221,0
DA:233,0
DA:234,0
DA:235,0
DA:236,0
DA:237,0
DA:240,0
DA:241,0
DA:244,0
DA:245,0
DA:249,0
DA:250,0
DA:254,0
DA:255,0
DA:257,0
DA:258,0
DA:261,0
DA:262,0
DA:263,0
DA:264,0
DA:267,0
DA:268,0
DA:269,0
DA:273,0
DA:275,0
DA:278,0
DA:282,0
DA:283,0
DA:285,0
DA:290,0
DA:291,0
DA:293,0
DA:299,0
DA:300,0
DA:302,0
DA:303,0
DA:306,0
DA:307,0
DA:309,0
DA:313,0
DA:314,0
DA:316,0
DA:317,0
DA:318,0
DA:319,0
DA:320,0
DA:322,0
DA:323,0
DA:325,0
DA:326,0
DA:328,0
DA:330,0
DA:331,0
DA:333,0
DA:334,0
DA:335,0
DA:346,0
DA:357,0
DA:371,0
DA:381,0
DA:382,0
DA:384,0
DA:385,0
DA:386,0
DA:387,0
DA:389,0
DA:390,0
DA:391,0
DA:393,0
DA:394,0
DA:395,0
DA:397,0
DA:398,0
DA:399,0
DA:400,0
DA:402,0
DA:415,0
DA:416,0
DA:417,0
DA:422,0
DA:423,0
DA:426,0
DA:441,0
DA:442,0
DA:443,0
DA:445,0
DA:450,0
DA:451,0
DA:454,0
DA:455,0
DA:456,0
DA:463,0
DA:464,0
DA:466,0
DA:467,0
DA:470,0
DA:471,0
DA:472,0
DA:474,0
DA:475,0
DA:476,0
DA:485,0
DA:489,0
DA:493,0
DA:497,0
DA:501,0
DA:502,0
DA:503,0
DA:504,0
DA:505,0
DA:511,0
DA:515,0
LF:169
LH:0
BRDA:112,0,0,0
BRDA:126,1,0,0
BRDA:136,2,0,0
BRDA:139,3,0,0
BRDA:139,3,1,0
BRDA:154,4,0,0
BRDA:154,4,1,0
BRDA:155,5,0,0
BRDA:155,5,1,0
BRDA:159,6,0,0
BRDA:159,6,1,0
BRDA:187,7,0,0
BRDA:187,7,1,0
BRDA:196,8,0,0
BRDA:210,9,0,0
BRDA:210,9,1,0
BRDA:210,9,2,0
BRDA:216,10,0,0
BRDA:216,11,0,0
BRDA:216,11,1,0
BRDA:218,12,0,0
BRDA:218,12,1,0
BRDA:223,13,0,0
BRDA:223,13,1,0
BRDA:240,14,0,0
BRDA:255,15,0,0
BRDA:258,16,0,0
BRDA:268,17,0,0
BRDA:282,18,0,0
BRDA:282,18,1,0
BRDA:290,19,0,0
BRDA:290,19,1,0
BRDA:300,20,0,0
BRDA:300,20,1,0
BRDA:302,21,0,0
BRDA:302,21,1,0
BRDA:302,21,2,0
BRDA:326,22,0,0
BRDA:326,22,1,0
BRDA:330,23,0,0
BRDA:330,23,1,0
BRDA:331,24,0,0
BRDA:331,24,1,0
BRDA:386,25,0,0
BRDA:386,25,1,0
BRDA:393,26,0,0
BRDA:397,27,0,0
BRDA:399,28,0,0
BRDA:399,28,1,0
BRDA:404,29,0,0
BRDA:404,29,1,0
BRDA:404,30,0,0
BRDA:404,30,1,0
BRDA:409,31,0,0
BRDA:409,31,1,0
BRDA:409,32,0,0
BRDA:409,32,1,0
BRDA:423,33,0,0
BRDA:423,34,0,0
BRDA:423,34,1,0
BRDA:455,35,0,0
BRDA:455,36,0,0
BRDA:455,36,1,0
BRDA:464,37,0,0
BRDA:464,38,0,0
BRDA:464,38,1,0
BRDA:470,39,0,0
BRDA:474,40,0,0
BRDA:504,41,0,0
BRF:69
BRH:0
end_of_record
TN:
SF:lib\quant-alpha-factors.ts
FN:16,(anonymous_0)
FN:18,(anonymous_1)
FN:29,(anonymous_2)
FN:31,(anonymous_3)
FN:33,(anonymous_4)
FNF:5
FNH:0
FNDA:0,(anonymous_0)
FNDA:0,(anonymous_1)
FNDA:0,(anonymous_2)
FNDA:0,(anonymous_3)
FNDA:0,(anonymous_4)
DA:13,0
DA:17,0
DA:18,0
DA:19,0
DA:20,0
DA:26,0
DA:30,0
DA:31,0
DA:32,0
DA:33,0
DA:34,0
LF:11
LH:0
BRDA:19,0,0,0
BRDA:32,1,0,0
BRF:2
BRH:0
end_of_record
TN:
SF:lib\quant-backtester.ts
FN:56,(anonymous_0)
FN:65,(anonymous_1)
FN:85,(anonymous_2)
FN:86,(anonymous_3)
FN:242,(anonymous_4)
FN:255,(anonymous_5)
FN:256,(anonymous_6)
FN:257,(anonymous_7)
FN:261,(anonymous_8)
FN:263,(anonymous_9)
FN:265,(anonymous_10)
FN:266,(anonymous_11)
FN:315,(anonymous_12)
FN:338,(anonymous_13)
FN:339,(anonymous_14)
FN:340,(anonymous_15)
FN:341,(anonymous_16)
FN:357,(anonymous_17)
FN:367,(anonymous_18)
FN:369,(anonymous_19)
FNF:20
FNH:12
FNDA:6,(anonymous_0)
FNDA:15,(anonymous_1)
FNDA:1020000,(anonymous_2)
FNDA:1020000,(anonymous_3)
FNDA:15,(anonymous_4)
FNDA:1634,(anonymous_5)
FNDA:817,(anonymous_6)
FNDA:817,(anonymous_7)
FNDA:245,(anonymous_8)
FNDA:572,(anonymous_9)
FNDA:245,(anonymous_10)
FNDA:572,(anonymous_11)
FNDA:0,(anonymous_12)
FNDA:0,(anonymous_13)
FNDA:0,(anonymous_14)
FNDA:0,(anonymous_15)
FNDA:0,(anonymous_16)
FNDA:0,(anonymous_17)
FNDA:0,(anonymous_18)
FNDA:0,(anonymous_19)
DA:6,2
DA:53,2
DA:57,6
DA:58,6
DA:59,6
DA:62,6
DA:66,15
DA:67,15
DA:68,15
DA:69,15
DA:71,15
DA:72,15
DA:73,15
DA:74,15
DA:75,15
DA:76,15
DA:77,15
DA:80,15
DA:83,15
DA:84,20400
DA:85,1020000
DA:86,1020000
DA:88,20400
DA:89,20400
DA:91,20400
DA:92,20400
DA:93,20400
DA:96,20400
DA:97,20400
DA:98,20400
DA:101,20400
DA:102,20400
DA:104,20400
DA:106,408
DA:107,408
DA:108,408
DA:110,408
DA:123,408
DA:124,408
DA:125,408
DA:126,408
DA:127,408
DA:128,408
DA:130,408
DA:131,408
DA:141,19992
DA:143,409
DA:144,397
DA:145,397
DA:147,397
DA:160,409
DA:161,409
DA:162,409
DA:163,409
DA:164,409
DA:165,409
DA:167,409
DA:168,409
DA:181,20400
DA:182,20400
DA:183,10138
DA:184,10262
DA:185,9947
DA:188,20400
DA:191,20400
DA:192,20400
DA:193,20400
DA:194,20400
DA:199,15
DA:200,12
DA:201,12
DA:202,12
DA:203,12
DA:205,12
DA:206,12
DA:207,11
DA:208,11
DA:209,1
DA:210,1
DA:211,1
DA:214,12
DA:225,12
DA:226,12
DA:230,15
DA:252,15
DA:255,1634
DA:256,817
DA:257,817
DA:259,15
DA:260,15
DA:261,245
DA:262,15
DA:263,572
DA:265,245
DA:266,572
DA:267,15
DA:270,15
DA:271,15
DA:272,15
DA:273,15
DA:274,15
DA:275,15
DA:277,15
DA:279,15
DA:329,0
DA:331,0
DA:333,0
DA:334,0
DA:335,0
DA:338,0
DA:339,0
DA:340,0
DA:341,0
DA:342,0
DA:343,0
DA:345,0
DA:358,0
DA:360,0
DA:361,0
DA:362,0
DA:364,0
DA:368,0
DA:369,0
DA:370,0
DA:371,0
LF:125
LH:104
BRDA:58,0,0,3
BRDA:59,1,0,3
BRDA:60,2,0,3
BRDA:86,3,0,1020000
BRDA:86,3,1,0
BRDA:97,4,0,20400
BRDA:97,4,1,19583
BRDA:104,5,0,408
BRDA:104,5,1,19992
BRDA:104,6,0,20400
BRDA:104,6,1,408
BRDA:104,6,2,408
BRDA:106,7,0,408
BRDA:130,8,0,408
BRDA:141,9,0,409
BRDA:141,10,0,19992
BRDA:141,10,1,409
BRDA:143,11,0,397
BRDA:167,12,0,409
BRDA:182,13,0,10138
BRDA:182,13,1,10262
BRDA:184,14,0,9947
BRDA:191,15,0,20400
BRDA:199,16,0,12
BRDA:206,17,0,11
BRDA:206,17,1,1
BRDA:209,18,0,1
BRDA:216,19,0,11
BRDA:216,19,1,1
BRDA:256,20,0,817
BRDA:256,20,1,0
BRDA:257,21,0,817
BRDA:257,21,1,0
BRDA:259,22,0,12
BRDA:259,22,1,3
BRDA:260,23,0,12
BRDA:260,23,1,3
BRDA:261,24,0,245
BRDA:261,24,1,0
BRDA:262,25,0,12
BRDA:262,25,1,3
BRDA:263,26,0,572
BRDA:263,26,1,0
BRDA:265,27,0,245
BRDA:265,27,1,0
BRDA:266,28,0,572
BRDA:266,28,1,0
BRDA:267,29,0,12
BRDA:267,29,1,3
BRDA:267,30,0,0
BRDA:267,30,1,3
BRDA:271,31,0,12
BRDA:271,31,1,3
BRDA:272,32,0,12
BRDA:272,32,1,3
BRDA:273,33,0,12
BRDA:273,33,1,3
BRDA:274,34,0,12
BRDA:274,34,1,3
BRDA:275,35,0,12
BRDA:275,35,1,3
BRDA:317,36,0,0
BRDA:333,37,0,0
BRDA:333,37,1,0
BRDA:358,38,0,0
BRDA:358,38,1,0
BRF:66
BRH:53
end_of_record
TN:
SF:lib\quant-defi.ts
FN:31,(anonymous_0)
FN:34,(anonymous_1)
FN:38,(anonymous_2)
FN:40,(anonymous_3)
FN:51,(anonymous_4)
FN:58,(anonymous_5)
FN:63,(anonymous_6)
FN:114,(anonymous_7)
FN:118,(anonymous_8)
FN:122,(anonymous_9)
FN:128,(anonymous_10)
FN:150,(anonymous_11)
FN:170,(anonymous_12)
FN:180,(anonymous_13)
FN:210,(anonymous_14)
FN:214,(anonymous_15)
FN:218,(anonymous_16)
FN:219,(anonymous_17)
FN:224,(anonymous_18)
FN:238,(anonymous_19)
FN:313,(anonymous_20)
FN:319,(anonymous_21)
FN:328,(anonymous_22)
FN:336,(anonymous_23)
FN:341,(anonymous_24)
FN:364,(anonymous_25)
FN:371,(anonymous_26)
FN:381,(anonymous_27)
FN:386,(anonymous_28)
FN:422,(anonymous_29)
FN:427,(anonymous_30)
FN:432,(anonymous_31)
FN:436,(anonymous_32)
FN:441,(anonymous_33)
FN:445,(anonymous_34)
FN:464,(anonymous_35)
FN:467,(anonymous_36)
FN:474,(anonymous_37)
FN:508,(anonymous_38)
FN:513,(anonymous_39)
FN:517,(anonymous_40)
FN:521,(anonymous_41)
FN:525,(anonymous_42)
FN:548,(anonymous_43)
FN:582,(anonymous_44)
FN:585,(anonymous_45)
FN:588,(anonymous_46)
FNF:47
FNH:1
FNDA:0,(anonymous_0)
FNDA:0,(anonymous_1)
FNDA:0,(anonymous_2)
FNDA:0,(anonymous_3)
FNDA:0,(anonymous_4)
FNDA:0,(anonymous_5)
FNDA:0,(anonymous_6)
FNDA:0,(anonymous_7)
FNDA:0,(anonymous_8)
FNDA:0,(anonymous_9)
FNDA:0,(anonymous_10)
FNDA:0,(anonymous_11)
FNDA:0,(anonymous_12)
FNDA:0,(anonymous_13)
FNDA:0,(anonymous_14)
FNDA:0,(anonymous_15)
FNDA:0,(anonymous_16)
FNDA:0,(anonymous_17)
FNDA:0,(anonymous_18)
FNDA:0,(anonymous_19)
FNDA:0,(anonymous_20)
FNDA:0,(anonymous_21)
FNDA:0,(anonymous_22)
FNDA:0,(anonymous_23)
FNDA:0,(anonymous_24)
FNDA:0,(anonymous_25)
FNDA:0,(anonymous_26)
FNDA:0,(anonymous_27)
FNDA:0,(anonymous_28)
FNDA:0,(anonymous_29)
FNDA:0,(anonymous_30)
FNDA:0,(anonymous_31)
FNDA:0,(anonymous_32)
FNDA:0,(anonymous_33)
FNDA:0,(anonymous_34)
FNDA:0,(anonymous_35)
FNDA:0,(anonymous_36)
FNDA:0,(anonymous_37)
FNDA:9,(anonymous_38)
FNDA:0,(anonymous_39)
FNDA:0,(anonymous_40)
FNDA:0,(anonymous_41)
FNDA:0,(anonymous_42)
FNDA:0,(anonymous_43)
FNDA:0,(anonymous_44)
FNDA:0,(anonymous_45)
FNDA:0,(anonymous_46)
DA:31,1
DA:32,0
DA:35,0
DA:39,0
DA:41,0
DA:42,0
DA:43,0
DA:45,0
DA:46,0
DA:51,0
DA:53,0
DA:54,0
DA:58,0
DA:59,0
DA:64,0
DA:65,0
DA:66,0
DA:114,1
DA:115,0
DA:116,0
DA:119,0
DA:123,0
DA:124,0
DA:125,0
DA:133,0
DA:135,0
DA:136,0
DA:139,0
DA:140,0
DA:141,0
DA:143,0
DA:144,0
DA:146,0
DA:151,0
DA:152,0
DA:155,0
DA:156,0
DA:157,0
DA:158,0
DA:161,0
DA:164,0
DA:165,0
DA:167,0
DA:172,0
DA:173,0
DA:176,0
DA:177,0
DA:181,0
DA:182,0
DA:183,0
DA:186,0
DA:189,0
DA:190,0
DA:193,0
DA:196,0
DA:198,0
DA:211,0
DA:212,0
DA:214,0
DA:215,0
DA:218,0
DA:219,0
DA:221,0
DA:225,0
DA:226,0
DA:229,0
DA:230,0
DA:233,0
DA:234,0
DA:247,0
DA:248,0
DA:249,0
DA:252,0
DA:255,0
DA:258,0
DA:259,0
DA:260,0
DA:263,0
DA:266,0
DA:268,0
DA:304,1
DA:305,0
DA:306,0
DA:307,0
DA:314,0
DA:315,0
DA:316,0
DA:320,0
DA:329,0
DA:337,0
DA:338,0
DA:341,0
DA:343,0
DA:354,0
DA:355,0
DA:356,0
DA:358,0
DA:360,0
DA:364,0
DA:366,0
DA:367,0
DA:369,0
DA:370,0
DA:371,0
DA:372,0
DA:374,0
DA:375,0
DA:378,0
DA:382,0
DA:383,0
DA:385,0
DA:386,0
DA:387,0
DA:390,0
DA:401,0
DA:402,0
DA:410,0
DA:414,1
DA:415,0
DA:416,0
DA:417,0
DA:423,0
DA:424,0
DA:429,0
DA:433,0
DA:438,0
DA:442,0
DA:446,0
DA:449,0
DA:450,0
DA:451,0
DA:452,0
DA:455,0
DA:456,0
DA:457,0
DA:458,0
DA:464,0
DA:468,0
DA:476,0
DA:477,0
DA:479,0
DA:480,0
DA:481,0
DA:483,0
DA:484,0
DA:494,0
DA:508,1
DA:509,9
DA:510,9
DA:511,9
DA:514,0
DA:518,0
DA:522,0
DA:531,0
DA:532,0
DA:533,0
DA:534,0
DA:535,0
DA:538,0
DA:539,0
DA:540,0
DA:543,0
DA:544,0
DA:545,0
DA:547,0
DA:548,0
DA:549,0
DA:551,0
DA:552,0
DA:554,0
DA:555,0
DA:556,0
DA:561,0
DA:563,0
DA:564,0
DA:565,0
DA:566,0
DA:567,0
DA:571,0
DA:580,1
LF:180
LH:9
BRDA:53,0,0,0
BRDA:59,1,0,0
BRDA:59,1,1,0
BRDA:125,2,0,0
BRDA:125,2,1,0
BRDA:131,3,0,0
BRDA:133,4,0,0
BRDA:133,4,1,0
BRDA:151,5,0,0
BRDA:151,5,1,0
BRDA:152,6,0,0
BRDA:152,6,1,0
BRDA:172,7,0,0
BRDA:172,7,1,0
BRDA:173,8,0,0
BRDA:173,8,1,0
BRDA:186,9,0,0
BRDA:186,9,1,0
BRDA:211,10,0,0
BRDA:211,10,1,0
BRDA:212,11,0,0
BRDA:225,12,0,0
BRDA:233,13,0,0
BRDA:313,14,0,0
BRDA:313,15,0,0
BRDA:313,16,0,0
BRDA:321,17,0,0
BRDA:321,17,1,0
BRDA:321,17,2,0
BRDA:321,17,3,0
BRDA:330,18,0,0
BRDA:330,18,1,0
BRDA:330,18,2,0
BRDA:369,19,0,0
BRDA:369,19,1,0
BRDA:387,20,0,0
BRDA:401,21,0,0
BRDA:422,22,0,0
BRDA:422,23,0,0
BRDA:455,24,0,0
BRDA:457,25,0,0
BRDA:457,26,0,0
BRDA:457,26,1,0
BRDA:469,27,0,0
BRDA:469,27,1,0
BRDA:469,27,2,0
BRDA:469,27,3,0
BRDA:483,28,0,0
BRDA:485,29,0,0
BRDA:485,29,1,0
BRDA:486,30,0,0
BRDA:486,30,1,0
BRDA:549,31,0,0
BRDA:552,32,0,0
BRDA:552,32,1,0
BRDA:552,33,0,0
BRDA:552,33,1,0
BRDA:563,34,0,0
BRF:58
BRH:0
end_of_record
TN:
SF:lib\quant-execution.ts
FN:7,twapExecution
FN:14,vwapExecution
FN:16,(anonymous_2)
FN:17,(anonymous_3)
FN:21,povExecution
FN:23,(anonymous_5)
FN:27,icebergOrders
FNF:7
FNH:0
FNDA:0,twapExecution
FNDA:0,vwapExecution
FNDA:0,(anonymous_2)
FNDA:0,(anonymous_3)
FNDA:0,povExecution
FNDA:0,(anonymous_5)
FNDA:0,icebergOrders
DA:7,0
DA:9,0
DA:10,0
DA:14,0
DA:16,0
DA:17,0
DA:21,0
DA:23,0
DA:27,0
DA:29,0
DA:30,0
DA:31,0
DA:32,0
DA:33,0
DA:35,0
LF:15
LH:0
BRDA:16,0,0,0
BRDA:16,0,1,0
BRDA:17,1,0,0
BRDA:17,1,1,0
BRDA:17,2,0,0
BRDA:17,2,1,0
BRDA:23,3,0,0
BRDA:23,3,1,0
BRF:8
BRH:0
end_of_record
TN:
SF:lib\quant-math.ts
FN:5,mean
FN:6,(anonymous_1)
FN:9,variance
FN:11,(anonymous_3)
FN:14,stddev
FN:18,covariance
FN:20,(anonymous_6)
FN:23,correlation
FN:28,tTest
FN:43,tCDF
FN:53,normalCDF
FN:57,erf
FN:76,autocorrelation
FN:85,olsRegression
FN:92,sharpeRatio
FN:93,(anonymous_15)
FN:97,valueAtRisk
FN:98,(anonymous_17)
FN:103,maxDrawdown
FN:114,optimizePortfolio
FN:122,(anonymous_20)
FN:123,(anonymous_21)
FN:125,(anonymous_22)
FN:129,singleFactorModel
FN:131,(anonymous_24)
FN:132,(anonymous_25)
FN:135,(anonymous_26)
FN:142,sma
FN:145,(anonymous_28)
FN:151,ema
FN:161,rsi
FN:162,(anonymous_31)
FN:163,(anonymous_32)
FN:164,(anonymous_33)
FN:169,(anonymous_34)
FN:175,bollinger
FN:192,conditionalVaR
FN:193,(anonymous_37)
FN:199,sortinoRatio
FN:200,(anonymous_39)
FN:201,(anonymous_40)
FN:202,(anonymous_41)
FN:206,calmarRatio
FNF:43
FNH:17
FNDA:20472,mean
FNDA:519793,(anonymous_1)
FNDA:12,variance
FNDA:20400,(anonymous_3)
FNDA:12,stddev
FNDA:0,covariance
FNDA:0,(anonymous_6)
FNDA:0,correlation
FNDA:0,tTest
FNDA:0,tCDF
FNDA:0,normalCDF
FNDA:0,erf
FNDA:0,autocorrelation
FNDA:0,olsRegression
FNDA:12,sharpeRatio
FNDA:20400,(anonymous_15)
FNDA:12,valueAtRisk
FNDA:206230,(anonymous_17)
FNDA:24,maxDrawdown
FNDA:0,optimizePortfolio
FNDA:0,(anonymous_20)
FNDA:0,(anonymous_21)
FNDA:0,(anonymous_22)
FNDA:0,singleFactorModel
FNDA:0,(anonymous_24)
FNDA:0,(anonymous_25)
FNDA:0,(anonymous_26)
FNDA:60800,sma
FNDA:51616000,(anonymous_28)
FNDA:0,ema
FNDA:0,rsi
FNDA:0,(anonymous_31)
FNDA:0,(anonymous_32)
FNDA:0,(anonymous_33)
FNDA:0,(anonymous_34)
FNDA:0,bollinger
FNDA:0,conditionalVaR
FNDA:0,(anonymous_37)
FNDA:12,sortinoRatio
FNDA:20400,(anonymous_39)
FNDA:20400,(anonymous_40)
FNDA:9793,(anonymous_41)
FNDA:12,calmarRatio
DA:5,3
DA:6,519793
DA:9,3
DA:10,12
DA:11,20400
DA:14,3
DA:15,12
DA:18,3
DA:19,0
DA:20,0
DA:23,3
DA:24,0
DA:28,3
DA:29,0
DA:30,0
DA:31,0
DA:32,0
DA:33,0
DA:36,0
DA:37,0
DA:39,0
DA:45,0
DA:46,0
DA:49,0
DA:50,0
DA:54,0
DA:59,0
DA:60,0
DA:61,0
DA:62,0
DA:63,0
DA:64,0
DA:66,0
DA:67,0
DA:69,0
DA:70,0
DA:72,0
DA:76,3
DA:77,0
DA:78,0
DA:79,0
DA:80,0
DA:81,0
DA:85,3
DA:86,0
DA:87,0
DA:88,0
DA:92,3
DA:93,20400
DA:94,12
DA:97,3
DA:98,206230
DA:99,12
DA:100,12
DA:103,3
DA:104,24
DA:105,24
DA:106,40800
DA:107,40800
DA:108,40800
DA:110,24
DA:114,3
DA:115,0
DA:119,0
DA:122,0
DA:123,0
DA:125,0
DA:129,3
DA:130,0
DA:131,0
DA:132,0
DA:134,0
DA:135,0
DA:136,0
DA:138,0
DA:142,3
DA:143,60800
DA:144,60800
DA:145,51616000
DA:146,2884800
DA:148,60800
DA:151,3
DA:152,0
DA:153,0
DA:155,0
DA:156,0
DA:158,0
DA:161,3
DA:162,0
DA:163,0
DA:164,0
DA:166,0
DA:167,0
DA:169,0
DA:170,0
DA:171,0
DA:175,3
DA:176,0
DA:177,0
DA:179,0
DA:180,0
DA:181,0
DA:182,0
DA:184,0
DA:185,0
DA:188,0
DA:192,3
DA:193,0
DA:194,0
DA:195,0
DA:196,0
DA:199,3
DA:200,20400
DA:201,20400
DA:202,9793
DA:203,12
DA:206,3
DA:207,12
DA:208,12
DA:209,12
LF:120
LH:47
BRDA:45,0,0,0
BRDA:66,1,0,0
BRDA:66,1,1,0
BRDA:78,2,0,0
BRDA:92,3,0,12
BRDA:97,4,0,0
BRDA:106,5,0,1936
BRDA:108,6,0,312
BRDA:114,7,0,0
BRDA:161,8,0,0
BRDA:163,9,0,0
BRDA:163,9,1,0
BRDA:164,10,0,0
BRDA:164,10,1,0
BRDA:175,11,0,0
BRDA:175,12,0,0
BRDA:192,13,0,0
BRDA:199,14,0,12
BRF:18
BRH:4
end_of_record
TN:
SF:lib\quant-ml.ts
FN:27,extractAdvancedFeatures
FN:33,(anonymous_1)
FN:34,(anonymous_2)
FN:45,(anonymous_3)
FN:49,(anonymous_4)
FN:66,(anonymous_5)
FN:100,(anonymous_6)
FN:105,(anonymous_7)
FN:110,(anonymous_8)
FN:149,(anonymous_9)
FN:161,(anonymous_10)
FN:178,(anonymous_11)
FN:184,(anonymous_12)
FN:211,(anonymous_13)
FN:212,(anonymous_14)
FN:213,(anonymous_15)
FN:217,(anonymous_16)
FN:218,(anonymous_17)
FN:230,(anonymous_18)
FN:232,(anonymous_19)
FN:233,(anonymous_20)
FN:249,(anonymous_21)
FN:258,(anonymous_22)
FN:259,(anonymous_23)
FN:262,(anonymous_24)
FN:263,(anonymous_25)
FN:264,(anonymous_26)
FN:268,(anonymous_27)
FN:272,(anonymous_28)
FN:276,(anonymous_29)
FN:283,(anonymous_30)
FN:297,(anonymous_31)
FN:310,(anonymous_32)
FN:311,(anonymous_33)
FN:322,(anonymous_34)
FN:324,(anonymous_35)
FN:335,(anonymous_36)
FN:366,(anonymous_37)
FN:370,(anonymous_38)
FN:395,(anonymous_39)
FN:409,(anonymous_40)
FN:419,(anonymous_41)
FN:435,(anonymous_42)
FN:464,(anonymous_43)
FN:465,(anonymous_44)
FN:466,(anonymous_45)
FNF:46
FNH:32
FNDA:2,extractAdvancedFeatures
FNDA:0,(anonymous_1)
FNDA:0,(anonymous_2)
FNDA:0,(anonymous_3)
FNDA:0,(anonymous_4)
FNDA:0,(anonymous_5)
FNDA:2,(anonymous_6)
FNDA:2,(anonymous_7)
FNDA:5,(anonymous_8)
FNDA:2,(anonymous_9)
FNDA:0,(anonymous_10)
FNDA:1,(anonymous_11)
FNDA:1,(anonymous_12)
FNDA:0,(anonymous_13)
FNDA:0,(anonymous_14)
FNDA:0,(anonymous_15)
FNDA:0,(anonymous_16)
FNDA:0,(anonymous_17)
FNDA:0,(anonymous_18)
FNDA:0,(anonymous_19)
FNDA:0,(anonymous_20)
FNDA:1,(anonymous_21)
FNDA:8,(anonymous_22)
FNDA:3,(anonymous_23)
FNDA:2,(anonymous_24)
FNDA:17,(anonymous_25)
FNDA:96,(anonymous_26)
FNDA:53911,(anonymous_27)
FNDA:53900,(anonymous_28)
FNDA:1,(anonymous_29)
FNDA:9802,(anonymous_30)
FNDA:1,(anonymous_31)
FNDA:14700,(anonymous_32)
FNDA:14700,(anonymous_33)
FNDA:4900,(anonymous_34)
FNDA:14700,(anonymous_35)
FNDA:39200,(anonymous_36)
FNDA:1,(anonymous_37)
FNDA:1,(anonymous_38)
FNDA:50,(anonymous_39)
FNDA:1,(anonymous_40)
FNDA:1,(anonymous_41)
FNDA:1,(anonymous_42)
FNDA:2,(anonymous_43)
FNDA:50,(anonymous_44)
FNDA:450,(anonymous_45)
DA:5,2
DA:27,2
DA:28,2
DA:29,2
DA:32,0
DA:33,0
DA:34,0
DA:37,0
DA:38,0
DA:39,0
DA:40,0
DA:41,0
DA:42,0
DA:45,0
DA:46,0
DA:49,0
DA:50,0
DA:51,0
DA:52,0
DA:53,0
DA:54,0
DA:60,0
DA:61,0
DA:62,0
DA:63,0
DA:66,0
DA:67,0
DA:69,0
DA:72,0
DA:73,0
DA:76,0
DA:96,0
DA:100,2
DA:101,2
DA:102,2
DA:103,2
DA:106,2
DA:107,2
DA:110,5
DA:111,2
DA:114,2
DA:115,200
DA:116,200
DA:117,200
DA:119,200
DA:121,1000400
DA:122,1000400
DA:123,3000800
DA:126,1000400
DA:127,1000400
DA:130,1000400
DA:131,3000800
DA:133,1000400
DA:137,200
DA:138,500
DA:140,200
DA:143,200
DA:146,2
DA:150,2
DA:151,0
DA:154,2
DA:155,2
DA:156,5
DA:158,2
DA:162,0
DA:174,2
DA:179,1
DA:180,1
DA:185,1
DA:187,1
DA:188,0
DA:189,0
DA:192,0
DA:193,0
DA:194,0
DA:197,0
DA:198,0
DA:200,0
DA:208,1
DA:212,0
DA:213,0
DA:214,0
DA:218,0
DA:219,0
DA:220,0
DA:221,0
DA:223,0
DA:225,0
DA:226,0
DA:227,0
DA:232,0
DA:233,0
DA:234,0
DA:239,2
DA:250,1
DA:251,1
DA:252,1
DA:253,1
DA:256,1
DA:257,1
DA:258,8
DA:259,3
DA:263,2
DA:264,96
DA:269,53911
DA:273,53900
DA:278,1
DA:279,1
DA:280,1
DA:284,9802
DA:286,9802
DA:287,53911
DA:288,53911
DA:289,470496
DA:291,53911
DA:294,9802
DA:298,1
DA:299,100
DA:301,100
DA:302,4900
DA:303,4900
DA:306,4900
DA:307,4900
DA:310,14700
DA:311,14700
DA:314,4900
DA:318,100
DA:324,14700
DA:327,4900
DA:328,4900
DA:329,39200
DA:330,117600
DA:335,39200
DA:338,4900
DA:339,39200
DA:340,117600
DA:344,4900
DA:345,44100
DA:346,352800
DA:351,4900
DA:352,14700
DA:355,4900
DA:356,39200
DA:362,2
DA:364,1
DA:367,1
DA:371,1
DA:372,1
DA:374,1
DA:375,49
DA:376,49
DA:377,49
DA:378,49
DA:380,49
DA:383,49
DA:384,5
DA:385,44
DA:386,12
DA:388,32
DA:392,1
DA:396,50
DA:410,1
DA:413,1
DA:414,1
DA:416,1
DA:420,1
DA:421,0
DA:424,1
DA:425,1
DA:426,1
DA:428,1
DA:429,1
DA:430,1
DA:432,1
DA:436,1
DA:437,1
DA:438,1
DA:441,1
DA:442,49
DA:443,441
DA:446,1
DA:447,9
DA:451,1
DA:452,49
DA:453,441
DA:456,1
DA:457,9
DA:458,9
DA:461,1
DA:465,2
DA:466,450
LF:191
LH:138
BRDA:27,0,0,2
BRDA:28,1,0,2
BRDA:34,2,0,0
BRDA:34,2,1,0
BRDA:45,3,0,0
BRDA:45,3,1,0
BRDA:50,4,0,0
BRDA:67,5,0,0
BRDA:67,5,1,0
BRDA:72,6,0,0
BRDA:72,6,1,0
BRDA:73,7,0,0
BRDA:73,7,1,0
BRDA:73,8,0,0
BRDA:73,8,1,0
BRDA:73,8,2,0
BRDA:81,9,0,0
BRDA:81,9,1,0
BRDA:82,10,0,0
BRDA:82,10,1,0
BRDA:83,11,0,0
BRDA:83,11,1,0
BRDA:84,12,0,0
BRDA:84,12,1,0
BRDA:85,13,0,0
BRDA:85,13,1,0
BRDA:86,14,0,0
BRDA:86,14,1,0
BRDA:87,15,0,0
BRDA:87,15,1,0
BRDA:90,16,0,0
BRDA:90,16,1,0
BRDA:105,17,0,0
BRDA:105,18,0,0
BRDA:143,19,0,0
BRDA:150,20,0,0
BRDA:178,21,0,0
BRDA:178,22,0,0
BRDA:214,23,0,0
BRDA:214,23,1,0
BRDA:223,24,0,0
BRDA:225,25,0,0
BRDA:226,26,0,0
BRDA:234,27,0,0
BRDA:234,27,1,0
BRDA:249,28,0,0
BRDA:249,29,0,0
BRDA:249,30,0,1
BRDA:297,31,0,0
BRDA:318,32,0,0
BRDA:383,33,0,5
BRDA:383,33,1,44
BRDA:385,34,0,12
BRDA:385,34,1,32
BRDA:409,35,0,0
BRDA:420,36,0,0
BRDA:430,37,0,0
BRDA:430,37,1,1
BRDA:430,38,0,0
BRDA:430,38,1,1
BRDA:458,39,0,0
BRF:61
BRH:9
end_of_record
TN:
SF:lib\quant-order-executor.ts
FN:24,(anonymous_0)
FNF:1
FNH:0
FNDA:0,(anonymous_0)
DA:23,0
DA:25,0
LF:2
LH:0
BRF:0
BRH:0
end_of_record
TN:
SF:lib\quant-risk-manager.ts
FN:17,(anonymous_0)
FN:19,(anonymous_1)
FN:27,(anonymous_2)
FN:31,(anonymous_3)
FNF:4
FNH:0
FNDA:0,(anonymous_0)
FNDA:0,(anonymous_1)
FNDA:0,(anonymous_2)
FNDA:0,(anonymous_3)
DA:16,0
DA:17,0
DA:20,0
DA:24,0
DA:28,0
DA:32,0
DA:33,0
LF:7
LH:0
BRDA:34,0,0,0
BRDA:34,0,1,0
BRF:2
BRH:0
end_of_record
TN:
SF:lib\quant-rl.ts
FN:59,(anonymous_0)
FN:77,(anonymous_1)
FN:105,(anonymous_2)
FN:114,(anonymous_3)
FN:144,(anonymous_4)
FN:179,(anonymous_5)
FN:205,(anonymous_6)
FN:218,(anonymous_7)
FN:220,(anonymous_8)
FN:221,(anonymous_9)
FN:232,(anonymous_10)
FN:244,(anonymous_11)
FN:249,(anonymous_12)
FN:250,(anonymous_13)
FN:258,(anonymous_14)
FN:262,(anonymous_15)
FN:263,(anonymous_16)
FN:271,(anonymous_17)
FN:275,(anonymous_18)
FN:293,(anonymous_19)
FN:297,(anonymous_20)
FN:313,(anonymous_21)
FN:331,(anonymous_22)
FN:333,(anonymous_23)
FN:336,(anonymous_24)
FN:344,(anonymous_25)
FN:356,(anonymous_26)
FN:356,(anonymous_27)
FN:362,(anonymous_28)
FN:386,(anonymous_29)
FN:390,(anonymous_30)
FN:394,(anonymous_31)
FN:398,(anonymous_32)
FN:401,(anonymous_33)
FN:417,(anonymous_34)
FN:421,(anonymous_35)
FN:449,(anonymous_36)
FN:457,(anonymous_37)
FN:496,(anonymous_38)
FN:512,(anonymous_39)
FN:516,(anonymous_40)
FN:520,(anonymous_41)
FNF:42
FNH:2
FNDA:2,(anonymous_0)
FNDA:0,(anonymous_1)
FNDA:0,(anonymous_2)
FNDA:0,(anonymous_3)
FNDA:0,(anonymous_4)
FNDA:0,(anonymous_5)
FNDA:0,(anonymous_6)
FNDA:0,(anonymous_7)
FNDA:0,(anonymous_8)
FNDA:0,(anonymous_9)
FNDA:0,(anonymous_10)
FNDA:0,(anonymous_11)
FNDA:0,(anonymous_12)
FNDA:0,(anonymous_13)
FNDA:0,(anonymous_14)
FNDA:0,(anonymous_15)
FNDA:0,(anonymous_16)
FNDA:0,(anonymous_17)
FNDA:0,(anonymous_18)
FNDA:0,(anonymous_19)
FNDA:0,(anonymous_20)
FNDA:0,(anonymous_21)
FNDA:0,(anonymous_22)
FNDA:0,(anonymous_23)
FNDA:0,(anonymous_24)
FNDA:0,(anonymous_25)
FNDA:0,(anonymous_26)
FNDA:0,(anonymous_27)
FNDA:0,(anonymous_28)
FNDA:0,(anonymous_29)
FNDA:0,(anonymous_30)
FNDA:0,(anonymous_31)
FNDA:0,(anonymous_32)
FNDA:0,(anonymous_33)
FNDA:0,(anonymous_34)
FNDA:0,(anonymous_35)
FNDA:2,(anonymous_36)
FNDA:0,(anonymous_37)
FNDA:0,(anonymous_38)
FNDA:0,(anonymous_39)
FNDA:0,(anonymous_40)
FNDA:0,(anonymous_41)
DA:5,1
DA:45,1
DA:49,2
DA:55,2
DA:56,2
DA:65,2
DA:66,2
DA:67,2
DA:68,2
DA:69,2
DA:72,2
DA:74,0
DA:78,0
DA:79,0
DA:106,0
DA:107,0
DA:108,0
DA:109,0
DA:110,0
DA:111,0
DA:115,0
DA:117,0
DA:118,0
DA:121,0
DA:122,0
DA:123,0
DA:124,0
DA:125,0
DA:128,0
DA:131,0
DA:134,0
DA:137,0
DA:139,0
DA:141,0
DA:145,0
DA:146,0
DA:147,0
DA:150,0
DA:151,0
DA:155,0
DA:156,0
DA:157,0
DA:158,0
DA:160,0
DA:161,0
DA:162,0
DA:163,0
DA:165,0
DA:166,0
DA:167,0
DA:168,0
DA:170,0
DA:171,0
DA:172,0
DA:176,0
DA:181,0
DA:182,0
DA:183,0
DA:184,0
DA:185,0
DA:188,0
DA:191,0
DA:194,0
DA:197,0
DA:198,0
DA:202,0
DA:207,0
DA:210,0
DA:211,0
DA:214,0
DA:217,0
DA:218,0
DA:220,0
DA:221,0
DA:222,0
DA:225,0
DA:227,0
DA:229,0
DA:233,0
DA:246,0
DA:249,0
DA:250,0
DA:251,0
DA:254,0
DA:257,0
DA:258,0
DA:259,0
DA:262,0
DA:263,0
DA:264,0
DA:268,0
DA:272,0
DA:277,0
DA:294,0
DA:298,0
DA:303,1
DA:304,0
DA:322,0
DA:323,0
DA:324,0
DA:325,0
DA:326,0
DA:327,0
DA:328,0
DA:333,0
DA:337,0
DA:338,0
DA:339,0
DA:341,0
DA:346,0
DA:348,0
DA:350,0
DA:351,0
DA:354,0
DA:355,0
DA:356,0
DA:357,0
DA:358,0
DA:369,0
DA:370,0
DA:372,0
DA:373,0
DA:374,0
DA:375,0
DA:379,0
DA:380,0
DA:382,0
DA:383,0
DA:387,0
DA:391,0
DA:395,0
DA:400,0
DA:401,0
DA:402,0
DA:405,0
DA:418,0
DA:420,0
DA:421,0
DA:422,0
DA:425,0
DA:426,0
DA:427,0
DA:428,0
DA:429,0
DA:430,0
DA:431,0
DA:436,1
DA:439,2
DA:450,2
DA:451,0
DA:458,0
DA:459,0
DA:460,0
DA:461,0
DA:462,0
DA:464,0
DA:465,0
DA:466,0
DA:467,0
DA:469,0
DA:471,0
DA:472,0
DA:473,0
DA:474,0
DA:477,0
DA:480,0
DA:490,0
DA:491,0
DA:498,0
DA:499,0
DA:501,0
DA:502,0
DA:503,0
DA:504,0
DA:507,0
DA:509,0
DA:513,0
DA:517,0
DA:521,0
LF:179
LH:15
BRDA:61,0,0,0
BRDA:62,1,0,2
BRDA:63,2,0,2
BRDA:117,3,0,0
BRDA:139,4,0,0
BRDA:139,4,1,0
BRDA:150,5,0,0
BRDA:155,6,0,0
BRDA:155,6,1,0
BRDA:155,7,0,0
BRDA:155,7,1,0
BRDA:160,8,0,0
BRDA:165,9,0,0
BRDA:165,10,0,0
BRDA:165,10,1,0
BRDA:197,11,0,0
BRDA:217,12,0,0
BRDA:217,12,1,0
BRDA:218,13,0,0
BRDA:218,13,1,0
BRDA:220,14,0,0
BRDA:220,14,1,0
BRDA:221,15,0,0
BRDA:221,15,1,0
BRDA:222,16,0,0
BRDA:222,16,1,0
BRDA:225,17,0,0
BRDA:225,17,1,0
BRDA:251,18,0,0
BRDA:251,18,1,0
BRDA:254,19,0,0
BRDA:254,19,1,0
BRDA:257,20,0,0
BRDA:259,21,0,0
BRDA:259,21,1,0
BRDA:264,22,0,0
BRDA:264,22,1,0
BRDA:316,23,0,0
BRDA:317,24,0,0
BRDA:318,25,0,0
BRDA:319,26,0,0
BRDA:320,27,0,0
BRDA:338,28,0,0
BRDA:348,29,0,0
BRDA:348,29,1,0
BRDA:356,30,0,0
BRDA:356,30,1,0
BRDA:373,31,0,0
BRDA:449,32,0,0
BRDA:457,33,0,0
BRDA:457,34,0,0
BRDA:490,35,0,0
BRDA:490,36,0,0
BRDA:490,36,1,0
BRF:54
BRH:2
end_of_record
TN:
SF:lib\quant-strategy-engine.ts
FN:16,(anonymous_0)
FN:19,(anonymous_1)
FN:23,(anonymous_2)
FN:24,(anonymous_3)
FN:27,(anonymous_4)
FN:39,(anonymous_5)
FN:86,(anonymous_6)
FN:121,(anonymous_7)
FN:149,(anonymous_8)
FN:165,(anonymous_9)
FN:206,(anonymous_10)
FN:213,(anonymous_11)
FN:218,(anonymous_12)
FN:219,(anonymous_13)
FN:226,(anonymous_14)
FNF:15
FNH:5
FNDA:12,(anonymous_0)
FNDA:0,(anonymous_1)
FNDA:0,(anonymous_2)
FNDA:0,(anonymous_3)
FNDA:0,(anonymous_4)
FNDA:30401,(anonymous_5)
FNDA:1,(anonymous_6)
FNDA:0,(anonymous_7)
FNDA:0,(anonymous_8)
FNDA:0,(anonymous_9)
FNDA:9,(anonymous_10)
FNDA:36,(anonymous_11)
FNDA:0,(anonymous_12)
FNDA:0,(anonymous_13)
FNDA:0,(anonymous_14)
DA:16,3
DA:17,12
DA:20,0
DA:24,0
DA:28,0
DA:33,3
DA:36,3
DA:40,30401
DA:41,30401
DA:43,30401
DA:44,1
DA:47,30400
DA:48,30400
DA:50,30400
DA:51,0
DA:54,30400
DA:55,30400
DA:56,30400
DA:57,30400
DA:60,30400
DA:61,30400
DA:62,30400
DA:65,30400
DA:66,30400
DA:68,30400
DA:69,408
DA:70,408
DA:71,408
DA:72,29992
DA:73,409
DA:74,409
DA:75,409
DA:78,29583
DA:83,3
DA:87,1
DA:89,1
DA:90,1
DA:93,0
DA:94,0
DA:95,0
DA:96,0
DA:97,0
DA:100,0
DA:101,0
DA:103,0
DA:105,0
DA:106,0
DA:107,0
DA:109,0
DA:110,0
DA:113,0
DA:118,3
DA:122,0
DA:124,0
DA:125,0
DA:128,0
DA:129,0
DA:131,0
DA:133,0
DA:134,0
DA:135,0
DA:137,0
DA:138,0
DA:141,0
DA:146,3
DA:150,0
DA:151,0
DA:153,0
DA:154,0
DA:158,0
DA:159,0
DA:160,0
DA:161,0
DA:162,0
DA:165,0
DA:166,0
DA:168,0
DA:171,0
DA:172,0
DA:173,0
DA:176,0
DA:177,0
DA:179,0
DA:180,0
DA:181,0
DA:182,0
DA:187,0
DA:188,0
DA:189,0
DA:190,0
DA:197,0
DA:202,3
DA:203,9
DA:204,9
DA:207,9
DA:208,9
DA:209,9
DA:210,9
DA:214,36
DA:215,36
DA:219,0
DA:222,0
DA:223,0
DA:224,0
DA:226,0
DA:227,0
DA:228,0
DA:230,0
DA:231,0
DA:232,0
DA:233,0
DA:237,0
DA:238,0
DA:240,0
DA:242,0
DA:243,0
DA:248,0
DA:249,0
DA:256,0
LF:119
LH:44
BRDA:40,0,0,30401
BRDA:40,0,1,0
BRDA:41,1,0,30401
BRDA:41,1,1,10001
BRDA:43,2,0,1
BRDA:50,3,0,0
BRDA:50,4,0,30400
BRDA:50,4,1,30400
BRDA:60,5,0,20400
BRDA:60,5,1,10000
BRDA:61,6,0,30400
BRDA:61,6,1,10000
BRDA:65,7,0,30400
BRDA:65,7,1,19946
BRDA:66,8,0,30400
BRDA:66,8,1,10454
BRDA:68,9,0,408
BRDA:68,9,1,29992
BRDA:70,10,0,109
BRDA:70,10,1,299
BRDA:72,11,0,409
BRDA:74,12,0,138
BRDA:74,12,1,271
BRDA:87,13,0,1
BRDA:87,13,1,0
BRDA:89,14,0,1
BRDA:103,15,0,0
BRDA:103,15,1,0
BRDA:107,16,0,0
BRDA:122,17,0,0
BRDA:122,17,1,0
BRDA:124,18,0,0
BRDA:131,19,0,0
BRDA:131,19,1,0
BRDA:135,20,0,0
BRDA:150,21,0,0
BRDA:150,21,1,0
BRDA:151,22,0,0
BRDA:151,22,1,0
BRDA:153,23,0,0
BRDA:166,24,0,0
BRDA:166,24,1,0
BRDA:171,25,0,0
BRDA:171,25,1,0
BRDA:172,26,0,0
BRDA:172,26,1,0
BRDA:179,27,0,0
BRDA:179,27,1,0
BRDA:179,28,0,0
BRDA:179,28,1,0
BRDA:187,29,0,0
BRDA:187,30,0,0
BRDA:187,30,1,0
BRDA:213,31,0,0
BRDA:227,32,0,0
BRDA:227,32,1,0
BRDA:230,33,0,0
BRDA:230,33,1,0
BRDA:232,34,0,0
BRDA:242,35,0,0
BRDA:242,35,1,0
BRDA:242,36,0,0
BRDA:242,36,1,0
BRDA:248,37,0,0
BRDA:248,38,0,0
BRDA:248,38,1,0
BRF:66
BRH:23
end_of_record
TN:
SF:lib\realtime-market-data.ts
FN:73,(anonymous_0)
FN:80,(anonymous_1)
FN:83,(anonymous_2)
FN:90,(anonymous_3)
FN:100,(anonymous_4)
FN:112,(anonymous_5)
FN:132,(anonymous_6)
FN:150,(anonymous_7)
FN:202,(anonymous_8)
FN:203,(anonymous_9)
FN:207,(anonymous_10)
FN:224,(anonymous_11)
FN:249,(anonymous_12)
FN:289,(anonymous_13)
FN:306,(anonymous_14)
FN:313,(anonymous_15)
FN:318,(anonymous_16)
FN:320,(anonymous_17)
FN:324,(anonymous_18)
FN:334,(anonymous_19)
FN:335,(anonymous_20)
FN:349,(anonymous_21)
FN:379,(anonymous_22)
FN:439,(anonymous_23)
FN:440,(anonymous_24)
FN:453,(anonymous_25)
FN:454,(anonymous_26)
FN:463,(anonymous_27)
FN:469,(anonymous_28)
FN:474,(anonymous_29)
FN:479,(anonymous_30)
FN:496,(anonymous_31)
FN:501,(anonymous_32)
FN:512,(anonymous_33)
FN:524,useRealtimeMarketData
FNF:35
FNH:0
FNDA:0,(anonymous_0)
FNDA:0,(anonymous_1)
FNDA:0,(anonymous_2)
FNDA:0,(anonymous_3)
FNDA:0,(anonymous_4)
FNDA:0,(anonymous_5)
FNDA:0,(anonymous_6)
FNDA:0,(anonymous_7)
FNDA:0,(anonymous_8)
FNDA:0,(anonymous_9)
FNDA:0,(anonymous_10)
FNDA:0,(anonymous_11)
FNDA:0,(anonymous_12)
FNDA:0,(anonymous_13)
FNDA:0,(anonymous_14)
FNDA:0,(anonymous_15)
FNDA:0,(anonymous_16)
FNDA:0,(anonymous_17)
FNDA:0,(anonymous_18)
FNDA:0,(anonymous_19)
FNDA:0,(anonymous_20)
FNDA:0,(anonymous_21)
FNDA:0,(anonymous_22)
FNDA:0,(anonymous_23)
FNDA:0,(anonymous_24)
FNDA:0,(anonymous_25)
FNDA:0,(anonymous_26)
FNDA:0,(anonymous_27)
FNDA:0,(anonymous_28)
FNDA:0,(anonymous_29)
FNDA:0,(anonymous_30)
FNDA:0,(anonymous_31)
FNDA:0,(anonymous_32)
FNDA:0,(anonymous_33)
FNDA:0,useRealtimeMarketData
DA:3,0
DA:50,0
DA:51,0
DA:52,0
DA:53,0
DA:54,0
DA:55,0
DA:56,0
DA:57,0
DA:58,0
DA:59,0
DA:62,0
DA:70,0
DA:71,0
DA:74,0
DA:75,0
DA:76,0
DA:81,0
DA:83,0
DA:84,0
DA:85,0
DA:87,0
DA:90,0
DA:91,0
DA:92,0
DA:95,0
DA:101,0
DA:104,0
DA:105,0
DA:106,0
DA:109,0
DA:111,0
DA:112,0
DA:114,0
DA:120,0
DA:121,0
DA:122,0
DA:123,0
DA:125,0
DA:126,0
DA:127,0
DA:137,0
DA:141,0
DA:142,0
DA:144,0
DA:145,0
DA:149,0
DA:150,0
DA:151,0
DA:154,0
DA:159,0
DA:161,0
DA:162,0
DA:165,0
DA:167,0
DA:170,0
DA:171,0
DA:172,0
DA:174,0
DA:176,0
DA:181,0
DA:182,0
DA:186,0
DA:193,0
DA:198,0
DA:203,0
DA:208,0
DA:210,0
DA:211,0
DA:215,0
DA:216,0
DA:219,0
DA:225,0
DA:226,0
DA:229,0
DA:233,0
DA:236,0
DA:245,0
DA:247,0
DA:248,0
DA:249,0
DA:250,0
DA:253,0
DA:254,0
DA:256,0
DA:258,0
DA:261,0
DA:263,0
DA:264,0
DA:266,0
DA:274,0
DA:290,0
DA:292,0
DA:295,0
DA:306,0
DA:314,0
DA:319,0
DA:320,0
DA:325,0
DA:326,0
DA:329,0
DA:330,0
DA:335,0
DA:336,0
DA:337,0
DA:339,0
DA:340,0
DA:344,0
DA:345,0
DA:350,0
DA:351,0
DA:354,0
DA:355,0
DA:358,0
DA:362,0
DA:365,0
DA:374,0
DA:376,0
DA:377,0
DA:379,0
DA:380,0
DA:399,0
DA:400,0
DA:403,0
DA:410,0
DA:411,0
DA:413,0
DA:416,0
DA:418,0
DA:426,0
DA:440,0
DA:441,0
DA:445,0
DA:446,0
DA:449,0
DA:454,0
DA:455,0
DA:456,0
DA:459,0
DA:464,0
DA:465,0
DA:470,0
DA:475,0
DA:480,0
DA:481,0
DA:482,0
DA:485,0
DA:486,0
DA:487,0
DA:490,0
DA:491,0
DA:492,0
DA:497,0
DA:502,0
DA:513,0
DA:514,0
DA:515,0
DA:521,0
DA:524,0
DA:525,0
DA:528,0
LF:161
LH:0
BRDA:81,0,0,0
BRDA:101,1,0,0
BRDA:105,2,0,0
BRDA:132,3,0,0
BRDA:134,4,0,0
BRDA:135,5,0,0
BRDA:144,6,0,0
BRDA:161,7,0,0
BRDA:170,8,0,0
BRDA:171,9,0,0
BRDA:174,10,0,0
BRDA:181,11,0,0
BRDA:182,12,0,0
BRDA:182,12,1,0
BRDA:210,13,0,0
BRDA:215,14,0,0
BRDA:229,15,0,0
BRDA:229,15,1,0
BRDA:231,16,0,0
BRDA:231,16,1,0
BRDA:247,17,0,0
BRDA:247,17,1,0
BRDA:247,18,0,0
BRDA:247,18,1,0
BRDA:258,19,0,0
BRDA:258,19,1,0
BRDA:263,20,0,0
BRDA:263,20,1,0
BRDA:269,21,0,0
BRDA:269,21,1,0
BRDA:290,22,0,0
BRDA:292,23,0,0
BRDA:292,23,1,0
BRDA:306,24,0,0
BRDA:306,24,1,0
BRDA:306,24,2,0
BRDA:306,24,3,0
BRDA:306,24,4,0
BRDA:325,25,0,0
BRDA:325,26,0,0
BRDA:325,26,1,0
BRDA:350,27,0,0
BRDA:358,28,0,0
BRDA:358,28,1,0
BRDA:360,29,0,0
BRDA:360,29,1,0
BRDA:376,30,0,0
BRDA:376,30,1,0
BRDA:376,31,0,0
BRDA:376,31,1,0
BRDA:382,32,0,0
BRDA:382,32,1,0
BRDA:383,33,0,0
BRDA:383,33,1,0
BRDA:384,34,0,0
BRDA:384,34,1,0
BRDA:385,35,0,0
BRDA:385,35,1,0
BRDA:386,36,0,0
BRDA:386,36,1,0
BRDA:387,37,0,0
BRDA:387,37,1,0
BRDA:388,38,0,0
BRDA:388,38,1,0
BRDA:389,39,0,0
BRDA:389,39,1,0
BRDA:390,40,0,0
BRDA:390,40,1,0
BRDA:391,41,0,0
BRDA:391,41,1,0
BRDA:413,42,0,0
BRDA:413,42,1,0
BRDA:416,43,0,0
BRDA:416,43,1,0
BRDA:422,44,0,0
BRDA:422,44,1,0
BRDA:445,45,0,0
BRDA:470,46,0,0
BRDA:470,46,1,0
BRDA:480,47,0,0
BRDA:485,48,0,0
BRDA:514,49,0,0
BRF:82
BRH:0
end_of_record
TN:
SF:lib\risk-management.ts
FN:43,(anonymous_0)
FN:49,(anonymous_1)
FN:62,(anonymous_2)
FN:63,(anonymous_3)
FN:66,(anonymous_4)
FN:67,(anonymous_5)
FN:86,(anonymous_6)
FN:87,(anonymous_7)
FN:94,(anonymous_8)
FN:95,(anonymous_9)
FN:108,(anonymous_10)
FN:119,(anonymous_11)
FN:136,(anonymous_12)
FN:138,(anonymous_13)
FN:146,(anonymous_14)
FN:154,(anonymous_15)
FN:157,(anonymous_16)
FN:158,(anonymous_17)
FN:164,(anonymous_18)
FN:220,(anonymous_19)
FN:241,(anonymous_20)
FN:254,(anonymous_21)
FN:281,(anonymous_22)
FN:285,(anonymous_23)
FN:290,(anonymous_24)
FN:294,(anonymous_25)
FNF:26
FNH:12
FNDA:17,(anonymous_0)
FNDA:7,(anonymous_1)
FNDA:0,(anonymous_2)
FNDA:0,(anonymous_3)
FNDA:0,(anonymous_4)
FNDA:0,(anonymous_5)
FNDA:7,(anonymous_6)
FNDA:10,(anonymous_7)
FNDA:7,(anonymous_8)
FNDA:10,(anonymous_9)
FNDA:7,(anonymous_10)
FNDA:7,(anonymous_11)
FNDA:7,(anonymous_12)
FNDA:10,(anonymous_13)
FNDA:0,(anonymous_14)
FNDA:7,(anonymous_15)
FNDA:0,(anonymous_16)
FNDA:0,(anonymous_17)
FNDA:0,(anonymous_18)
FNDA:0,(anonymous_19)
FNDA:0,(anonymous_20)
FNDA:2,(anonymous_21)
FNDA:0,(anonymous_22)
FNDA:0,(anonymous_23)
FNDA:0,(anonymous_24)
FNDA:0,(anonymous_25)
DA:36,2
DA:38,17
DA:39,17
DA:40,17
DA:44,17
DA:45,17
DA:46,17
DA:55,7
DA:56,7
DA:57,7
DA:58,7
DA:59,7
DA:62,7
DA:63,7
DA:65,7
DA:66,7
DA:67,7
DA:68,7
DA:70,7
DA:72,7
DA:87,7
DA:88,10
DA:89,10
DA:90,10
DA:95,7
DA:96,10
DA:97,10
DA:98,10
DA:99,10
DA:100,10
DA:101,10
DA:102,10
DA:105,7
DA:109,7
DA:111,0
DA:112,0
DA:113,0
DA:116,0
DA:120,7
DA:122,0
DA:123,0
DA:124,0
DA:126,0
DA:127,0
DA:128,0
DA:129,0
DA:130,0
DA:133,0
DA:138,7
DA:139,10
DA:140,10
DA:141,10
DA:145,7
DA:146,0
DA:150,7
DA:151,7
DA:155,7
DA:157,0
DA:158,0
DA:159,0
DA:161,0
DA:165,0
DA:168,0
DA:169,0
DA:181,0
DA:182,0
DA:194,0
DA:195,0
DA:207,0
DA:208,0
DA:220,0
DA:221,0
DA:222,0
DA:223,0
DA:224,0
DA:225,0
DA:237,0
DA:238,0
DA:242,0
DA:243,0
DA:245,0
DA:247,0
DA:248,0
DA:249,0
DA:251,0
DA:262,2
DA:263,0
DA:267,2
DA:268,0
DA:272,2
DA:273,2
DA:274,2
DA:275,0
DA:278,2
DA:282,0
DA:286,0
DA:287,0
DA:291,0
DA:295,0
LF:99
LH:49
BRDA:53,0,0,7
BRDA:65,1,0,0
BRDA:65,1,1,7
BRDA:66,2,0,0
BRDA:66,2,1,7
BRDA:67,3,0,0
BRDA:67,3,1,7
BRDA:68,4,0,0
BRDA:68,4,1,7
BRDA:88,5,0,10
BRDA:88,5,1,0
BRDA:89,6,0,10
BRDA:89,6,1,0
BRDA:96,7,0,10
BRDA:96,7,1,0
BRDA:97,8,0,10
BRDA:97,8,1,0
BRDA:105,9,0,7
BRDA:105,9,1,0
BRDA:109,10,0,7
BRDA:116,11,0,0
BRDA:116,11,1,0
BRDA:120,12,0,7
BRDA:129,13,0,0
BRDA:129,13,1,0
BRDA:136,14,0,7
BRDA:139,15,0,10
BRDA:139,15,1,0
BRDA:140,16,0,10
BRDA:140,16,1,0
BRDA:145,17,0,0
BRDA:145,17,1,7
BRDA:145,18,0,7
BRDA:145,18,1,1
BRDA:146,19,0,0
BRDA:146,19,1,0
BRDA:150,20,0,7
BRDA:150,20,1,0
BRDA:154,21,0,7
BRDA:155,22,0,7
BRDA:161,23,0,0
BRDA:161,23,1,0
BRDA:168,24,0,0
BRDA:181,25,0,0
BRDA:194,26,0,0
BRDA:207,27,0,0
BRDA:221,28,0,0
BRDA:221,28,1,0
BRDA:222,29,0,0
BRDA:222,29,1,0
BRDA:224,30,0,0
BRDA:228,31,0,0
BRDA:228,31,1,0
BRDA:241,32,0,0
BRDA:245,33,0,0
BRDA:262,34,0,0
BRDA:267,35,0,0
BRDA:274,36,0,0
BRF:58
BRH:21
end_of_record
TN:
SF:lib\take-profit-system.ts
FN:54,(anonymous_0)
FN:101,(anonymous_1)
FN:105,(anonymous_2)
FN:112,(anonymous_3)
FN:121,(anonymous_4)
FN:149,(anonymous_5)
FN:153,(anonymous_6)
FN:189,(anonymous_7)
FN:197,(anonymous_8)
FN:245,(anonymous_9)
FN:279,(anonymous_10)
FN:305,(anonymous_11)
FN:313,(anonymous_12)
FN:336,(anonymous_13)
FN:344,(anonymous_14)
FN:350,(anonymous_15)
FN:351,(anonymous_16)
FN:355,(anonymous_17)
FN:356,(anonymous_18)
FN:359,(anonymous_19)
FN:363,(anonymous_20)
FN:364,(anonymous_21)
FN:367,(anonymous_22)
FN:371,(anonymous_23)
FN:375,(anonymous_24)
FN:379,(anonymous_25)
FN:381,(anonymous_26)
FN:389,(anonymous_27)
FN:393,(anonymous_28)
FN:394,(anonymous_29)
FNF:30
FNH:0
FNDA:0,(anonymous_0)
FNDA:0,(anonymous_1)
FNDA:0,(anonymous_2)
FNDA:0,(anonymous_3)
FNDA:0,(anonymous_4)
FNDA:0,(anonymous_5)
FNDA:0,(anonymous_6)
FNDA:0,(anonymous_7)
FNDA:0,(anonymous_8)
FNDA:0,(anonymous_9)
FNDA:0,(anonymous_10)
FNDA:0,(anonymous_11)
FNDA:0,(anonymous_12)
FNDA:0,(anonymous_13)
FNDA:0,(anonymous_14)
FNDA:0,(anonymous_15)
FNDA:0,(anonymous_16)
FNDA:0,(anonymous_17)
FNDA:0,(anonymous_18)
FNDA:0,(anonymous_19)
FNDA:0,(anonymous_20)
FNDA:0,(anonymous_21)
FNDA:0,(anonymous_22)
FNDA:0,(anonymous_23)
FNDA:0,(anonymous_24)
FNDA:0,(anonymous_25)
FNDA:0,(anonymous_26)
FNDA:0,(anonymous_27)
FNDA:0,(anonymous_28)
FNDA:0,(anonymous_29)
DA:1,0
DA:54,0
DA:55,0
DA:56,0
DA:57,0
DA:58,0
DA:59,0
DA:60,0
DA:63,0
DA:102,0
DA:104,0
DA:105,0
DA:106,0
DA:109,0
DA:113,0
DA:114,0
DA:115,0
DA:117,0
DA:118,0
DA:122,0
DA:123,0
DA:124,0
DA:125,0
DA:129,0
DA:131,0
DA:145,0
DA:146,0
DA:150,0
DA:154,0
DA:155,0
DA:157,0
DA:158,0
DA:160,0
DA:161,0
DA:164,0
DA:165,0
DA:167,0
DA:171,0
DA:172,0
DA:174,0
DA:175,0
DA:176,0
DA:177,0
DA:178,0
DA:183,0
DA:184,0
DA:190,0
DA:191,0
DA:193,0
DA:198,0
DA:199,0
DA:202,0
DA:203,0
DA:204,0
DA:207,0
DA:208,0
DA:211,0
DA:223,0
DA:235,0
DA:238,0
DA:239,0
DA:242,0
DA:246,0
DA:250,0
DA:252,0
DA:253,0
DA:256,0
DA:257,0
DA:260,0
DA:261,0
DA:263,0
DA:275,0
DA:282,0
DA:283,0
DA:285,0
DA:288,0
DA:289,0
DA:290,0
DA:292,0
DA:294,0
DA:295,0
DA:297,0
DA:300,0
DA:310,0
DA:311,0
DA:313,0
DA:316,0
DA:318,0
DA:321,0
DA:322,0
DA:323,0
DA:325,0
DA:329,0
DA:337,0
DA:338,0
DA:340,0
DA:345,0
DA:346,0
DA:347,0
DA:351,0
DA:356,0
DA:360,0
DA:364,0
DA:368,0
DA:372,0
DA:376,0
DA:380,0
DA:381,0
DA:382,0
DA:383,0
DA:384,0
DA:390,0
DA:394,0
DA:395,0
DA:396,0
DA:402,0
LF:116
LH:0
BRDA:102,0,0,0
BRDA:113,1,0,0
BRDA:123,2,0,0
BRDA:135,3,0,0
BRDA:135,3,1,0
BRDA:136,4,0,0
BRDA:136,4,1,0
BRDA:155,5,0,0
BRDA:158,6,0,0
BRDA:164,7,0,0
BRDA:164,7,1,0
BRDA:165,8,0,0
BRDA:165,8,1,0
BRDA:167,9,0,0
BRDA:167,9,1,0
BRDA:172,10,0,0
BRDA:172,11,0,0
BRDA:172,11,1,0
BRDA:175,12,0,0
BRDA:175,12,1,0
BRDA:177,13,0,0
BRDA:183,14,0,0
BRDA:190,15,0,0
BRDA:190,15,1,0
BRDA:213,16,0,0
BRDA:213,16,1,0
BRDA:226,17,0,0
BRDA:226,17,1,0
BRDA:238,18,0,0
BRDA:246,19,0,0
BRDA:250,20,0,0
BRDA:250,20,1,0
BRDA:252,21,0,0
BRDA:252,21,1,0
BRDA:256,22,0,0
BRDA:256,22,1,0
BRDA:260,23,0,0
BRDA:283,24,0,0
BRDA:289,25,0,0
BRDA:292,26,0,0
BRDA:292,26,1,0
BRDA:295,27,0,0
BRDA:310,28,0,0
BRDA:310,28,1,0
BRDA:316,29,0,0
BRDA:316,29,1,0
BRDA:316,30,0,0
BRDA:316,30,1,0
BRDA:322,31,0,0
BRDA:322,31,1,0
BRDA:337,32,0,0
BRDA:337,32,1,0
BRDA:371,33,0,0
BRDA:383,34,0,0
BRDA:395,35,0,0
BRF:55
BRH:0
end_of_record
TN:
SF:lib\trade-monitor.ts
FN:45,(anonymous_0)
FN:51,(anonymous_1)
FN:75,(anonymous_2)
FN:76,(anonymous_3)
FN:120,(anonymous_4)
FN:123,(anonymous_5)
FN:126,(anonymous_6)
FN:127,(anonymous_7)
FN:134,(anonymous_8)
FN:138,(anonymous_9)
FN:139,(anonymous_10)
FN:141,(anonymous_11)
FN:142,(anonymous_12)
FN:145,(anonymous_13)
FN:146,(anonymous_14)
FN:148,(anonymous_15)
FN:149,(anonymous_16)
FN:154,(anonymous_17)
FN:155,(anonymous_18)
FN:160,(anonymous_19)
FN:161,(anonymous_20)
FN:163,(anonymous_21)
FN:193,(anonymous_22)
FN:197,(anonymous_23)
FN:201,(anonymous_24)
FN:202,(anonymous_25)
FN:205,(anonymous_26)
FN:207,(anonymous_27)
FN:215,(anonymous_28)
FN:217,(anonymous_29)
FN:225,(anonymous_30)
FN:226,(anonymous_31)
FN:230,(anonymous_32)
FN:232,(anonymous_33)
FN:244,(anonymous_34)
FN:246,(anonymous_35)
FNF:36
FNH:1
FNDA:1,(anonymous_0)
FNDA:0,(anonymous_1)
FNDA:0,(anonymous_2)
FNDA:0,(anonymous_3)
FNDA:0,(anonymous_4)
FNDA:0,(anonymous_5)
FNDA:0,(anonymous_6)
FNDA:0,(anonymous_7)
FNDA:0,(anonymous_8)
FNDA:0,(anonymous_9)
FNDA:0,(anonymous_10)
FNDA:0,(anonymous_11)
FNDA:0,(anonymous_12)
FNDA:0,(anonymous_13)
FNDA:0,(anonymous_14)
FNDA:0,(anonymous_15)
FNDA:0,(anonymous_16)
FNDA:0,(anonymous_17)
FNDA:0,(anonymous_18)
FNDA:0,(anonymous_19)
FNDA:0,(anonymous_20)
FNDA:0,(anonymous_21)
FNDA:0,(anonymous_22)
FNDA:0,(anonymous_23)
FNDA:0,(anonymous_24)
FNDA:0,(anonymous_25)
FNDA:0,(anonymous_26)
FNDA:0,(anonymous_27)
FNDA:0,(anonymous_28)
FNDA:0,(anonymous_29)
FNDA:0,(anonymous_30)
FNDA:0,(anonymous_31)
FNDA:0,(anonymous_32)
FNDA:0,(anonymous_33)
FNDA:0,(anonymous_34)
FNDA:0,(anonymous_35)
DA:45,1
DA:46,1
DA:47,1
DA:48,1
DA:49,1
DA:52,0
DA:58,0
DA:59,0
DA:62,0
DA:71,0
DA:72,0
DA:76,0
DA:77,0
DA:79,0
DA:80,0
DA:83,0
DA:84,0
DA:85,0
DA:86,0
DA:88,0
DA:90,0
DA:91,0
DA:92,0
DA:93,0
DA:95,0
DA:96,0
DA:97,0
DA:98,0
DA:100,0
DA:101,0
DA:102,0
DA:105,0
DA:106,0
DA:117,0
DA:121,0
DA:122,0
DA:123,0
DA:127,0
DA:130,0
DA:131,0
DA:132,0
DA:133,0
DA:134,0
DA:137,0
DA:138,0
DA:139,0
DA:141,0
DA:142,0
DA:143,0
DA:145,0
DA:146,0
DA:148,0
DA:149,0
DA:151,0
DA:152,0
DA:154,0
DA:155,0
DA:156,0
DA:159,0
DA:160,0
DA:161,0
DA:163,0
DA:167,0
DA:173,0
DA:175,0
DA:194,0
DA:198,0
DA:202,0
DA:206,0
DA:207,0
DA:208,0
DA:209,0
DA:210,0
DA:216,0
DA:217,0
DA:218,0
DA:219,0
DA:220,0
DA:226,0
DA:231,0
DA:233,0
DA:245,0
DA:246,0
DA:247,0
DA:252,1
LF:85
LH:6
BRDA:77,0,0,0
BRDA:83,1,0,0
BRDA:83,2,0,0
BRDA:83,2,1,0
BRDA:88,3,0,0
BRDA:88,3,1,0
BRDA:88,3,2,0
BRDA:92,4,0,0
BRDA:92,4,1,0
BRDA:105,5,0,0
BRDA:126,6,0,0
BRDA:130,7,0,0
BRDA:132,8,0,0
BRDA:132,8,1,0
BRDA:132,9,0,0
BRDA:132,9,1,0
BRDA:134,10,0,0
BRDA:134,10,1,0
BRDA:138,11,0,0
BRDA:138,11,1,0
BRDA:139,12,0,0
BRDA:139,12,1,0
BRDA:141,13,0,0
BRDA:141,13,1,0
BRDA:145,14,0,0
BRDA:145,14,1,0
BRDA:146,15,0,0
BRDA:146,15,1,0
BRDA:148,16,0,0
BRDA:148,16,1,0
BRDA:149,17,0,0
BRDA:149,17,1,0
BRDA:151,18,0,0
BRDA:151,18,1,0
BRDA:152,19,0,0
BRDA:152,19,1,0
BRDA:156,20,0,0
BRDA:156,20,1,0
BRDA:163,21,0,0
BRDA:163,21,1,0
BRDA:167,22,0,0
BRDA:167,22,1,0
BRDA:179,23,0,0
BRDA:179,23,1,0
BRDA:193,24,0,0
BRDA:197,25,0,0
BRDA:209,26,0,0
BRDA:219,27,0,0
BRDA:236,28,0,0
BRDA:236,28,1,0
BRDA:244,29,0,0
BRF:51
BRH:0
end_of_record
TN:
SF:lib\utils.ts
FN:4,cn
FNF:1
FNH:0
FNDA:0,cn
DA:1,0
DA:2,0
DA:4,0
DA:5,0
LF:4
LH:0
BRF:0
BRH:0
end_of_record
TN:
SF:lib\config\api-config.ts
FN:51,(anonymous_0)
FN:58,(anonymous_1)
FN:62,(anonymous_2)
FN:213,(anonymous_3)
FN:222,(anonymous_4)
FN:226,(anonymous_5)
FN:230,(anonymous_6)
FN:231,(anonymous_7)
FN:234,(anonymous_8)
FN:235,(anonymous_9)
FN:238,(anonymous_10)
FN:239,(anonymous_11)
FN:242,(anonymous_12)
FN:243,(anonymous_13)
FN:246,(anonymous_14)
FN:257,(anonymous_15)
FN:269,(anonymous_16)
FN:277,(anonymous_17)
FN:286,(anonymous_18)
FN:300,(anonymous_19)
FN:303,(anonymous_20)
FN:306,(anonymous_21)
FN:310,(anonymous_22)
FN:315,(anonymous_23)
FN:322,(anonymous_24)
FN:333,(anonymous_25)
FN:343,(anonymous_26)
FNF:27
FNH:0
FNDA:0,(anonymous_0)
FNDA:0,(anonymous_1)
FNDA:0,(anonymous_2)
FNDA:0,(anonymous_3)
FNDA:0,(anonymous_4)
FNDA:0,(anonymous_5)
FNDA:0,(anonymous_6)
FNDA:0,(anonymous_7)
FNDA:0,(anonymous_8)
FNDA:0,(anonymous_9)
FNDA:0,(anonymous_10)
FNDA:0,(anonymous_11)
FNDA:0,(anonymous_12)
FNDA:0,(anonymous_13)
FNDA:0,(anonymous_14)
FNDA:0,(anonymous_15)
FNDA:0,(anonymous_16)
FNDA:0,(anonymous_17)
FNDA:0,(anonymous_18)
FNDA:0,(anonymous_19)
FNDA:0,(anonymous_20)
FNDA:0,(anonymous_21)
FNDA:0,(anonymous_22)
FNDA:0,(anonymous_23)
FNDA:0,(anonymous_24)
FNDA:0,(anonymous_25)
FNDA:0,(anonymous_26)
DA:47,0
DA:49,0
DA:52,0
DA:53,0
DA:55,0
DA:59,0
DA:64,0
DA:72,0
DA:81,0
DA:89,0
DA:97,0
DA:105,0
DA:113,0
DA:122,0
DA:130,0
DA:138,0
DA:146,0
DA:154,0
DA:162,0
DA:171,0
DA:179,0
DA:187,0
DA:195,0
DA:204,0
DA:214,0
DA:219,0
DA:223,0
DA:227,0
DA:231,0
DA:235,0
DA:239,0
DA:243,0
DA:247,0
DA:258,0
DA:270,0
DA:278,0
DA:287,0
DA:288,0
DA:289,0
DA:290,0
DA:292,0
DA:301,0
DA:304,0
DA:307,0
DA:310,0
DA:316,0
DA:317,0
DA:320,0
DA:321,0
DA:322,0
DA:326,0
DA:327,0
DA:328,0
DA:332,0
DA:333,0
DA:334,0
DA:337,0
DA:338,0
DA:342,0
DA:343,0
DA:344,0
DA:347,0
[...]
BRDA:181,5,0,0
BRDA:181,6,0,0
BRDA:181,6,1,0
BRDA:193,7,0,0
BRDA:193,7,1,0
BRDA:198,8,0,0
BRDA:198,8,1,0
BRDA:244,9,0,0
BRDA:293,10,0,0
BRDA:293,11,0,0
BRDA:293,11,1,0
BRDA:296,12,0,0
BRDA:296,12,1,0
BRDA:298,13,0,0
BRDA:298,13,1,0
BRDA:302,14,0,0
BRDA:304,15,0,0
BRDA:304,15,1,0
BRDA:311,16,0,0
BRDA:327,17,0,0
BRDA:327,17,1,0
BRDA:330,18,0,0
BRDA:330,19,0,0
BRDA:330,19,1,0
BRDA:334,20,0,0
BRDA:338,21,0,0
BRDA:342,22,0,0
BRDA:347,23,0,0
BRDA:403,24,0,0
BRDA:403,24,1,0
BRDA:435,25,0,0
BRDA:436,26,0,0
BRDA:473,27,0,0
BRDA:473,27,1,0
BRDA:493,28,0,0
BRDA:493,29,0,0
BRDA:493,29,1,0
BRF:44
BRH:0
end_of_record
TN:
SF:lib\trading\errors.ts
FN:6,(anonymous_0)
FN:17,(anonymous_1)
FN:43,(anonymous_2)
FN:71,(anonymous_3)
FN:86,(anonymous_4)
FN:93,(anonymous_5)
FN:106,(anonymous_6)
FN:115,(anonymous_7)
FN:127,(anonymous_8)
FN:134,(anonymous_9)
FN:141,(anonymous_10)
FN:148,generateCorrelationId
FN:152,isRetryableError
FN:165,getErrorSeverity
FN:173,createErrorFromResponse
FN:200,classifyError
FNF:16
FNH:0
FNDA:0,(anonymous_0)
FNDA:0,(anonymous_1)
FNDA:0,(anonymous_2)
FNDA:0,(anonymous_3)
FNDA:0,(anonymous_4)
FNDA:0,(anonymous_5)
FNDA:0,(anonymous_6)
FNDA:0,(anonymous_7)
FNDA:0,(anonymous_8)
FNDA:0,(anonymous_9)
FNDA:0,(anonymous_10)
FNDA:0,generateCorrelationId
FNDA:0,isRetryableError
FNDA:0,getErrorSeverity
FNDA:0,createErrorFromResponse
FNDA:0,classifyError
DA:6,0
DA:7,0
DA:8,0
DA:9,0
DA:10,0
DA:11,0
DA:12,0
DA:13,0
DA:14,0
DA:17,0
DA:18,0
DA:19,0
DA:20,0
DA:21,0
DA:36,0
DA:51,0
DA:52,0
DA:53,0
DA:54,0
DA:55,0
DA:56,0
DA:58,0
DA:65,0
DA:66,0
DA:68,0
DA:72,0
DA:85,0
DA:87,0
DA:88,0
DA:92,0
DA:98,0
DA:99,0
DA:100,0
DA:101,0
DA:105,0
DA:107,0
DA:108,0
DA:112,0
DA:120,0
DA:121,0
DA:122,0
DA:126,0
DA:128,0
DA:129,0
DA:133,0
DA:135,0
DA:136,0
DA:140,0
DA:142,0
DA:143,0
DA:148,0
DA:149,0
DA:152,0
DA:153,0
DA:154,0
DA:158,0
DA:159,0
DA:162,0
DA:165,0
DA:166,0
DA:167,0
DA:170,0
DA:173,0
DA:177,0
DA:179,0
DA:180,0
DA:181,0
DA:188,0
DA:189,0
DA:192,0
DA:200,0
DA:201,0
DA:202,0
DA:205,0
DA:206,0
DA:211,0
DA:213,0
DA:217,0
DA:218,0
DA:222,0
LF:80
LH:0
BRDA:6,0,0,0
BRDA:6,0,1,0
BRDA:17,1,0,0
BRDA:17,1,1,0
BRDA:46,2,0,0
BRDA:47,3,0,0
BRDA:48,4,0,0
BRDA:59,5,0,0
BRDA:59,5,1,0
BRDA:60,6,0,0
BRDA:60,6,1,0
BRDA:65,7,0,0
BRDA:86,8,0,0
BRDA:96,9,0,0
BRDA:98,10,0,0
BRDA:98,10,1,0
BRDA:99,11,0,0
BRDA:99,11,1,0
BRDA:106,12,0,0
BRDA:118,13,0,0
BRDA:127,14,0,0
BRDA:134,15,0,0
BRDA:141,16,0,0
BRDA:153,17,0,0
BRDA:158,18,0,0
BRDA:158,19,0,0
BRDA:158,19,1,0
BRDA:166,20,0,0
BRDA:175,21,0,0
BRDA:179,22,0,0
BRDA:183,23,0,0
BRDA:183,23,1,0
BRDA:188,24,0,0
BRDA:188,25,0,0
BRDA:188,25,1,0
BRDA:201,26,0,0
BRDA:205,27,0,0
BRDA:205,27,1,0
BRDA:211,28,0,0
BRDA:211,29,0,0
BRDA:211,29,1,0
BRDA:211,29,2,0
BRDA:211,29,3,0
BRDA:217,30,0,0
BRDA:217,31,0,0
BRDA:217,31,1,0
BRF:46
BRH:0
end_of_record
TN:
SF:lib\trading\logger.ts
FN:6,(anonymous_0)
FN:47,(anonymous_1)
FN:63,(anonymous_2)
FN:67,(anonymous_3)
FN:71,(anonymous_4)
FN:75,(anonymous_5)
FN:86,(anonymous_6)
FN:101,(anonymous_7)
FN:112,(anonymous_8)
FN:125,(anonymous_9)
FN:134,(anonymous_10)
FN:146,(anonymous_11)
FN:155,(anonymous_12)
FN:186,(anonymous_13)
FN:217,(anonymous_14)
FN:240,(anonymous_15)
FN:246,(anonymous_16)
FN:269,(anonymous_17)
FN:270,(anonymous_18)
FN:275,(anonymous_19)
FN:280,(anonymous_20)
FN:291,getLogger
FN:303,(anonymous_22)
FN:307,(anonymous_23)
FN:322,(anonymous_24)
FN:328,(anonymous_25)
FN:337,(anonymous_26)
FNF:27
FNH:0
FNDA:0,(anonymous_0)
FNDA:0,(anonymous_1)
FNDA:0,(anonymous_2)
FNDA:0,(anonymous_3)
FNDA:0,(anonymous_4)
FNDA:0,(anonymous_5)
FNDA:0,(anonymous_6)
FNDA:0,(anonymous_7)
FNDA:0,(anonymous_8)
FNDA:0,(anonymous_9)
FNDA:0,(anonymous_10)
FNDA:0,(anonymous_11)
FNDA:0,(anonymous_12)
FNDA:0,(anonymous_13)
FNDA:0,(anonymous_14)
FNDA:0,(anonymous_15)
FNDA:0,(anonymous_16)
FNDA:0,(anonymous_17)
FNDA:0,(anonymous_18)
FNDA:0,(anonymous_19)
FNDA:0,(anonymous_20)
FNDA:0,getLogger
FNDA:0,(anonymous_22)
FNDA:0,(anonymous_23)
FNDA:0,(anonymous_24)
FNDA:0,(anonymous_25)
FNDA:0,(anonymous_26)
DA:6,0
DA:7,0
DA:8,0
DA:9,0
DA:10,0
DA:11,0
DA:42,0
DA:44,0
DA:48,0
DA:58,0
DA:59,0
DA:64,0
DA:68,0
DA:72,0
DA:76,0
DA:83,0
DA:87,0
DA:94,0
DA:97,0
DA:102,0
DA:103,0
DA:105,0
DA:112,0
DA:113,0
DA:114,0
DA:126,0
DA:135,0
DA:136,0
DA:147,0
DA:156,0
DA:157,0
DA:160,0
DA:173,0
DA:174,0
DA:177,0
DA:178,0
DA:180,0
DA:181,0
DA:187,0
DA:188,0
DA:189,0
DA:191,0
DA:193,0
DA:194,0
DA:197,0
DA:199,0
DA:200,0
DA:202,0
DA:203,0
DA:205,0
DA:206,0
DA:209,0
DA:210,0
DA:211,0
DA:213,0
DA:218,0
DA:219,0
DA:222,0
DA:223,0
DA:225,0
DA:226,0
DA:227,0
DA:230,0
DA:231,0
DA:234,0
DA:236,0
DA:243,0
DA:247,0
DA:248,0
DA:251,0
DA:252,0
DA:260,0
DA:261,0
DA:264,0
DA:265,0
DA:270,0
DA:271,0
DA:276,0
DA:281,0
DA:282,0
DA:284,0
DA:291,0
DA:292,0
DA:293,0
DA:295,0
DA:299,0
DA:301,0
DA:304,0
DA:308,0
DA:309,0
DA:312,0
DA:314,0
DA:323,0
DA:324,0
DA:325,0
DA:328,0
DA:329,0
DA:338,0
DA:339,0
DA:341,0
LF:100
LH:0
BRDA:6,0,0,0
BRDA:6,0,1,0
BRDA:47,1,0,0
BRDA:58,2,0,0
BRDA:58,3,0,0
BRDA:58,3,1,0
BRDA:76,4,0,0
BRDA:76,4,1,0
BRDA:87,5,0,0
BRDA:87,5,1,0
BRDA:103,6,0,0
BRDA:103,6,1,0
BRDA:135,7,0,0
BRDA:135,7,1,0
BRDA:156,8,0,0
BRDA:173,9,0,0
BRDA:177,10,0,0
BRDA:177,11,0,0
BRDA:177,11,1,0
BRDA:180,12,0,0
BRDA:189,13,0,0
BRDA:189,13,1,0
BRDA:193,14,0,0
BRDA:197,15,0,0
BRDA:197,15,1,0
BRDA:197,15,2,0
BRDA:197,15,3,0
BRDA:197,15,4,0
BRDA:210,16,0,0
BRDA:218,17,0,0
BRDA:226,18,0,0
BRDA:230,19,0,0
BRDA:230,20,0,0
BRDA:230,20,1,0
BRDA:247,21,0,0
BRDA:260,22,0,0
BRDA:281,23,0,0
BRDA:292,24,0,0
BRDA:308,25,0,0
BRDA:324,26,0,0
BRDA:324,27,0,0
BRDA:324,27,1,0
BRDA:338,28,0,0
BRDA:338,28,1,0
BRF:44
BRH:0
end_of_record
TN:
SF:lib\trading\monitoring.ts
FN:9,(anonymous_0)
FN:16,(anonymous_1)
FN:77,(anonymous_2)
FN:102,(anonymous_3)
FN:137,(anonymous_4)
FN:148,(anonymous_5)
FN:163,(anonymous_6)
FN:165,(anonymous_7)
FN:166,(anonymous_8)
FN:175,(anonymous_9)
FN:209,(anonymous_10)
FN:216,(anonymous_11)
FN:221,(anonymous_12)
FN:226,(anonymous_13)
FN:243,(anonymous_14)
FN:302,(anonymous_15)
FN:307,(anonymous_16)
FN:333,(anonymous_17)
FN:368,(anonymous_18)
FN:399,(anonymous_19)
FN:400,(anonymous_20)
FN:401,(anonymous_21)
FN:409,(anonymous_22)
FN:414,(anonymous_23)
FN:421,(anonymous_24)
FN:444,(anonymous_25)
FN:448,(anonymous_26)
FN:449,(anonymous_27)
FN:462,(anonymous_28)
FN:466,(anonymous_29)
FN:473,(anonymous_30)
FN:482,(anonymous_31)
FN:489,(anonymous_32)
FN:490,(anonymous_33)
FN:491,(anonymous_34)
FN:495,(anonymous_35)
FN:496,(anonymous_36)
FN:497,(anonymous_37)
FN:506,(anonymous_38)
FN:521,getMonitoring
FNF:40
FNH:0
FNDA:0,(anonymous_0)
FNDA:0,(anonymous_1)
FNDA:0,(anonymous_2)
FNDA:0,(anonymous_3)
FNDA:0,(anonymous_4)
FNDA:0,(anonymous_5)
FNDA:0,(anonymous_6)
FNDA:0,(anonymous_7)
FNDA:0,(anonymous_8)
FNDA:0,(anonymous_9)
FNDA:0,(anonymous_10)
FNDA:0,(anonymous_11)
FNDA:0,(anonymous_12)
FNDA:0,(anonymous_13)
FNDA:0,(anonymous_14)
FNDA:0,(anonymous_15)
FNDA:0,(anonymous_16)
FNDA:0,(anonymous_17)
FNDA:0,(anonymous_18)
FNDA:0,(anonymous_19)
FNDA:0,(anonymous_20)
FNDA:0,(anonymous_21)
FNDA:0,(anonymous_22)
FNDA:0,(anonymous_23)
FNDA:0,(anonymous_24)
FNDA:0,(anonymous_25)
FNDA:0,(anonymous_26)
FNDA:0,(anonymous_27)
FNDA:0,(anonymous_28)
FNDA:0,(anonymous_29)
FNDA:0,(anonymous_30)
FNDA:0,(anonymous_31)
FNDA:0,(anonymous_32)
FNDA:0,(anonymous_33)
FNDA:0,(anonymous_34)
FNDA:0,(anonymous_35)
FNDA:0,(anonymous_36)
FNDA:0,(anonymous_37)
FNDA:0,(anonymous_38)
FNDA:0,getMonitoring
DA:6,0
DA:9,0
DA:10,0
DA:11,0
DA:12,0
DA:13,0
DA:16,0
DA:17,0
DA:18,0
DA:19,0
DA:20,0
DA:67,0
DA:71,0
DA:72,0
DA:73,0
DA:74,0
DA:78,0
DA:93,0
DA:94,0
DA:96,0
DA:97,0
DA:109,0
DA:120,0
DA:122,0
DA:130,0
DA:131,0
DA:134,0
DA:138,0
DA:139,0
DA:140,0
DA:143,0
DA:144,0
DA:145,0
DA:149,0
DA:150,0
DA:151,0
DA:154,0
DA:155,0
DA:160,0
DA:164,0
DA:165,0
DA:168,0
DA:169,0
DA:170,0
DA:182,0
DA:183,0
DA:186,0
DA:195,0
DA:196,0
DA:199,0
DA:200,0
DA:203,0
DA:206,0
DA:210,0
DA:212,0
DA:213,0
DA:216,0
DA:217,0
DA:222,0
DA:230,0
DA:237,0
DA:240,0
DA:244,0
DA:245,0
DA:246,0
DA:249,0
DA:251,0
DA:252,0
DA:254,0
DA:255,0
DA:256,0
DA:257,0
DA:258,0
DA:260,0
DA:267,0
DA:268,0
DA:277,0
DA:279,0
DA:280,0
DA:281,0
DA:282,0
DA:284,0
DA:290,0
DA:298,0
DA:303,0
DA:314,0
DA:322,0
DA:323,0
DA:340,0
DA:348,0
DA:357,0
DA:358,0
DA:374,0
DA:381,0
DA:389,0
DA:400,0
DA:401,0
DA:402,0
DA:405,0
DA:410,0
DA:411,0
DA:413,0
DA:414,0
DA:416,0
DA:417,0
DA:423,0
DA:424,0
DA:433,0
DA:434,0
DA:445,0
DA:449,0
DA:450,0
DA:451,0
DA:453,0
DA:463,0
DA:467,0
DA:468,0
DA:469,0
DA:478,0
DA:479,0
DA:481,0
DA:482,0
DA:483,0
DA:486,0
DA:489,0
DA:490,0
DA:491,0
DA:495,0
DA:496,0
DA:497,0
DA:507,0
DA:508,0
DA:510,0
DA:511,0
DA:512,0
DA:513,0
DA:514,0
DA:521,0
DA:522,0
DA:523,0
DA:525,0
LF:141
LH:0
BRDA:9,0,0,0
BRDA:9,0,1,0
BRDA:16,1,0,0
BRDA:16,1,1,0
BRDA:77,2,0,0
BRDA:96,3,0,0
BRDA:130,4,0,0
BRDA:139,5,0,0
BRDA:150,6,0,0
BRDA:170,7,0,0
BRDA:170,7,1,0
BRDA:182,8,0,0
BRDA:195,9,0,0
BRDA:210,10,0,0
BRDA:210,10,1,0
BRDA:212,11,0,0
BRDA:217,12,0,0
BRDA:217,12,1,0
BRDA:245,13,0,0
BRDA:245,14,0,0
BRDA:245,14,1,0
BRDA:267,15,0,0
BRDA:271,16,0,0
BRDA:271,16,1,0
BRDA:322,17,0,0
BRDA:357,18,0,0
BRDA:359,19,0,0
BRDA:359,19,1,0
BRDA:411,20,0,0
BRDA:416,21,0,0
BRDA:423,22,0,0
BRDA:423,23,0,0
BRDA:423,23,1,0
BRDA:433,24,0,0
BRDA:433,25,0,0
BRDA:433,25,1,0
BRDA:468,26,0,0
BRDA:507,27,0,0
BRDA:522,28,0,0
BRF:39
BRH:0
end_of_record
TN:
SF:lib\trading\rate-limiter.ts
FN:9,(anonymous_0)
FN:58,(anonymous_1)
FN:78,(anonymous_2)
FN:84,(anonymous_3)
FN:100,(anonymous_4)
FN:139,(anonymous_5)
FN:157,(anonymous_6)
FN:215,(anonymous_7)
FN:223,(anonymous_8)
FN:231,(anonymous_9)
FN:237,(anonymous_10)
FN:259,(anonymous_11)
FN:265,(anonymous_12)
FN:297,(anonymous_13)
FN:320,(anonymous_14)
FN:324,(anonymous_15)
FN:325,(anonymous_16)
FN:329,(anonymous_17)
FN:333,(anonymous_18)
FN:336,(anonymous_19)
FN:347,(anonymous_20)
FN:349,(anonymous_21)
FN:362,(anonymous_22)
FNF:23
FNH:0
FNDA:0,(anonymous_0)
FNDA:0,(anonymous_1)
FNDA:0,(anonymous_2)
FNDA:0,(anonymous_3)
FNDA:0,(anonymous_4)
FNDA:0,(anonymous_5)
FNDA:0,(anonymous_6)
FNDA:0,(anonymous_7)
FNDA:0,(anonymous_8)
FNDA:0,(anonymous_9)
FNDA:0,(anonymous_10)
FNDA:0,(anonymous_11)
FNDA:0,(anonymous_12)
FNDA:0,(anonymous_13)
FNDA:0,(anonymous_14)
FNDA:0,(anonymous_15)
FNDA:0,(anonymous_16)
FNDA:0,(anonymous_17)
FNDA:0,(anonymous_18)
FNDA:0,(anonymous_19)
FNDA:0,(anonymous_20)
FNDA:0,(anonymous_21)
FNDA:0,(anonymous_22)
DA:7,0
DA:9,0
DA:10,0
DA:11,0
DA:12,0
DA:13,0
DA:49,0
DA:52,0
DA:54,0
DA:55,0
DA:56,0
DA:59,0
DA:60,0
DA:62,0
DA:63,0
DA:75,0
DA:84,0
DA:85,0
DA:96,0
DA:101,0
DA:102,0
DA:111,0
DA:112,0
DA:116,0
DA:117,0
DA:118,0
DA:119,0
DA:120,0
DA:124,0
DA:125,0
DA:127,0
DA:136,0
DA:140,0
DA:141,0
DA:144,0
DA:146,0
DA:147,0
DA:148,0
DA:149,0
DA:151,0
DA:152,0
DA:158,0
DA:159,0
DA:160,0
DA:163,0
DA:165,0
DA:166,0
DA:167,0
DA:170,0
DA:171,0
DA:173,0
DA:175,0
DA:176,0
DA:183,0
DA:184,0
DA:186,0
DA:187,0
DA:189,0
DA:196,0
DA:198,0
DA:200,0
DA:201,0
DA:203,0
DA:211,0
DA:216,0
DA:218,0
DA:224,0
DA:225,0
DA:226,0
DA:228,0
DA:232,0
DA:233,0
DA:234,0
DA:238,0
DA:241,0
DA:242,0
DA:243,0
DA:247,0
DA:248,0
DA:249,0
DA:253,0
DA:254,0
DA:255,0
DA:260,0
DA:261,0
DA:262,0
DA:266,0
DA:267,0
DA:270,0
DA:271,0
DA:272,0
DA:275,0
DA:277,0
DA:278,0
DA:279,0
DA:280,0
DA:283,0
DA:284,0
DA:285,0
DA:287,0
DA:298,0
DA:299,0
DA:300,0
DA:302,0
DA:306,0
DA:321,0
DA:325,0
DA:330,0
DA:334,0
DA:336,0
DA:337,0
DA:338,0
DA:341,0
DA:348,0
DA:349,0
DA:350,0
DA:358,0
DA:359,0
DA:363,0
DA:364,0
DA:369,0
DA:379,0
LF:122
LH:0
BRDA:9,0,0,0
BRDA:9,0,1,0
BRDA:81,1,0,0
BRDA:101,2,0,0
BRDA:118,3,0,0
BRDA:140,4,0,0
BRDA:158,5,0,0
BRDA:165,6,0,0
BRDA:218,7,0,0
BRDA:218,7,1,0
BRDA:218,7,2,0
BRDA:241,8,0,0
BRDA:247,9,0,0
BRDA:253,10,0,0
BRDA:266,11,0,0
BRDA:271,12,0,0
BRDA:277,13,0,0
BRDA:277,13,1,0
BRDA:277,14,0,0
BRDA:277,14,1,0
BRDA:279,15,0,0
BRDA:279,16,0,0
BRDA:279,16,1,0
BRDA:283,17,0,0
BRDA:291,18,0,0
BRDA:291,18,1,0
BRDA:302,19,0,0
BRDA:302,20,0,0
BRDA:302,20,1,0
BRDA:302,20,2,0
BRDA:338,21,0,0
BRDA:338,21,1,0
BRF:32
BRH:0
end_of_record
TN:
SF:lib\trading\retry-handler.ts
FN:25,(anonymous_0)
FN:39,(anonymous_1)
FN:44,(anonymous_2)
FN:78,(anonymous_3)
FN:86,(anonymous_4)
FN:114,(anonymous_5)
FN:118,(anonymous_6)
FN:133,(anonymous_7)
FN:146,(anonymous_8)
FN:153,(anonymous_9)
FN:238,(anonymous_10)
FN:252,(anonymous_11)
FN:253,(anonymous_12)
FN:256,(anonymous_13)
FNF:14
FNH:0
FNDA:0,(anonymous_0)
FNDA:0,(anonymous_1)
FNDA:0,(anonymous_2)
FNDA:0,(anonymous_3)
FNDA:0,(anonymous_4)
FNDA:0,(anonymous_5)
FNDA:0,(anonymous_6)
FNDA:0,(anonymous_7)
FNDA:0,(anonymous_8)
FNDA:0,(anonymous_9)
FNDA:0,(anonymous_10)
FNDA:0,(anonymous_11)
FNDA:0,(anonymous_12)
FNDA:0,(anonymous_13)
DA:6,0
DA:25,0
DA:26,0
DA:27,0
DA:28,0
DA:31,0
DA:32,0
DA:33,0
DA:34,0
DA:35,0
DA:40,0
DA:41,0
DA:45,0
DA:46,0
DA:47,0
DA:54,0
DA:55,0
DA:58,0
DA:60,0
DA:68,0
DA:69,0
DA:70,0
DA:71,0
DA:73,0
DA:74,0
DA:79,0
DA:80,0
DA:81,0
DA:82,0
DA:87,0
DA:88,0
DA:90,0
DA:91,0
DA:92,0
DA:96,0
DA:99,0
DA:101,0
DA:102,0
DA:109,0
DA:110,0
DA:115,0
DA:119,0
DA:128,0
DA:138,0
DA:139,0
DA:141,0
DA:142,0
DA:151,0
DA:152,0
DA:153,0
DA:158,0
DA:159,0
DA:160,0
DA:168,0
DA:170,0
DA:171,0
DA:179,0
DA:181,0
DA:183,0
DA:194,0
DA:195,0
DA:199,0
DA:200,0
DA:201,0
DA:207,0
DA:208,0
DA:212,0
DA:214,0
DA:222,0
DA:227,0
DA:235,0
DA:240,0
DA:243,0
DA:246,0
DA:247,0
DA:249,0
DA:253,0
DA:257,0
DA:262,0
DA:270,0
DA:277,0
DA:285,0
LF:82
LH:0
BRDA:25,0,0,0
BRDA:25,0,1,0
BRDA:45,1,0,0
BRDA:46,2,0,0
BRDA:58,3,0,0
BRDA:58,4,0,0
BRDA:58,4,1,0
BRDA:80,5,0,0
BRDA:90,6,0,0
BRDA:99,7,0,0
BRDA:99,8,0,0
BRDA:99,8,1,0
BRDA:109,9,0,0
BRDA:141,10,0,0
BRDA:149,11,0,0
BRDA:152,12,0,0
BRDA:152,12,1,0
BRDA:170,13,0,0
BRDA:194,14,0,0
BRDA:194,15,0,0
BRDA:194,15,1,0
BRDA:199,16,0,0
BRDA:199,17,0,0
BRDA:199,17,1,0
BRF:24
BRH:0
end_of_record
TN:
SF:lib\trading\risk-management.ts
FN:75,(anonymous_0)
FN:94,(anonymous_1)
FN:166,(anonymous_2)
FN:226,(anonymous_3)
FN:260,(anonymous_4)
FN:296,(anonymous_5)
FN:309,(anonymous_6)
FN:320,(anonymous_7)
FN:321,(anonymous_8)
FN:326,(anonymous_9)
FN:328,(anonymous_10)
FN:331,(anonymous_11)
FN:332,(anonymous_12)
FN:356,(anonymous_13)
FN:403,(anonymous_14)
FN:446,(anonymous_15)
FN:456,(anonymous_16)
FN:466,(anonymous_17)
FN:469,(anonymous_18)
FN:480,(anonymous_19)
FN:494,(anonymous_20)
FN:500,(anonymous_21)
FN:505,(anonymous_22)
FN:511,(anonymous_23)
FN:516,(anonymous_24)
FN:521,(anonymous_25)
FN:535,(anonymous_26)
FN:540,(anonymous_27)
FN:544,(anonymous_28)
FN:548,(anonymous_29)
FN:553,(anonymous_30)
FN:557,(anonymous_31)
FN:562,(anonymous_32)
FNF:33
FNH:0
FNDA:0,(anonymous_0)
FNDA:0,(anonymous_1)
FNDA:0,(anonymous_2)
FNDA:0,(anonymous_3)
FNDA:0,(anonymous_4)
FNDA:0,(anonymous_5)
FNDA:0,(anonymous_6)
FNDA:0,(anonymous_7)
FNDA:0,(anonymous_8)
FNDA:0,(anonymous_9)
FNDA:0,(anonymous_10)
FNDA:0,(anonymous_11)
FNDA:0,(anonymous_12)
FNDA:0,(anonymous_13)
FNDA:0,(anonymous_14)
FNDA:0,(anonymous_15)
FNDA:0,(anonymous_16)
FNDA:0,(anonymous_17)
FNDA:0,(anonymous_18)
FNDA:0,(anonymous_19)
FNDA:0,(anonymous_20)
FNDA:0,(anonymous_21)
FNDA:0,(anonymous_22)
FNDA:0,(anonymous_23)
FNDA:0,(anonymous_24)
FNDA:0,(anonymous_25)
FNDA:0,(anonymous_26)
FNDA:0,(anonymous_27)
FNDA:0,(anonymous_28)
FNDA:0,(anonymous_29)
FNDA:0,(anonymous_30)
FNDA:0,(anonymous_31)
FNDA:0,(anonymous_32)
DA:6,0
DA:7,0
DA:8,0
DA:64,0
DA:68,0
DA:69,0
DA:70,0
DA:71,0
DA:72,0
DA:73,0
DA:76,0
DA:89,0
DA:90,0
DA:101,0
DA:102,0
DA:108,0
DA:109,0
DA:112,0
DA:113,0
DA:115,0
DA:123,0
DA:131,0
DA:132,0
DA:139,0
DA:140,0
DA:141,0
DA:148,0
DA:155,0
DA:156,0
DA:157,0
DA:163,0
DA:174,0
DA:176,0
DA:177,0
DA:183,0
DA:184,0
DA:186,0
DA:202,0
DA:204,0
DA:215,0
DA:223,0
DA:227,0
DA:228,0
DA:229,0
DA:232,0
DA:233,0
DA:235,0
DA:236,0
DA:238,0
DA:242,0
DA:245,0
DA:248,0
DA:249,0
DA:250,0
DA:261,0
DA:262,0
DA:263,0
DA:267,0
DA:268,0
DA:270,0
DA:273,0
DA:275,0
DA:284,0
DA:292,0
DA:297,0
DA:299,0
DA:300,0
DA:301,0
DA:302,0
DA:303,0
DA:306,0
DA:310,0
DA:311,0
DA:312,0
DA:315,0
DA:316,0
DA:317,0
DA:320,0
DA:321,0
DA:323,0
DA:327,0
DA:328,0
DA:329,0
DA:331,0
DA:332,0
DA:334,0
DA:335,0
DA:336,0
DA:338,0
DA:357,0
DA:358,0
DA:361,0
DA:362,0
DA:371,0
DA:375,0
DA:376,0
DA:385,0
DA:389,0
DA:390,0
DA:400,0
DA:404,0
DA:405,0
DA:408,0
DA:413,0
DA:418,0
DA:419,0
DA:426,0
DA:433,0
DA:434,0
DA:435,0
DA:442,0
DA:447,0
DA:449,0
DA:450,0
DA:452,0
DA:457,0
DA:459,0
DA:460,0
DA:462,0
DA:469,0
DA:471,0
DA:472,0
DA:477,0
DA:481,0
DA:482,0
DA:485,0
DA:486,0
DA:489,0
DA:490,0
DA:497,0
DA:502,0
DA:507,0
DA:508,0
DA:513,0
DA:518,0
DA:522,0
DA:524,0
DA:526,0
DA:536,0
DA:541,0
DA:545,0
DA:549,0
DA:550,0
DA:554,0
DA:558,0
DA:559,0
DA:563,0
DA:564,0
LF:148
LH:0
BRDA:75,0,0,0
BRDA:101,1,0,0
BRDA:112,2,0,0
BRDA:131,3,0,0
BRDA:140,4,0,0
BRDA:156,5,0,0
BRDA:176,6,0,0
BRDA:178,7,0,0
BRDA:178,7,1,0
BRDA:183,8,0,0
BRDA:183,8,1,0
BRDA:228,9,0,0
BRDA:235,10,0,0
BRDA:235,10,1,0
BRDA:249,11,0,0
BRDA:260,12,0,0
BRDA:262,13,0,0
BRDA:267,14,0,0
BRDA:267,14,1,0
BRDA:310,15,0,0
BRDA:310,15,1,0
BRDA:311,16,0,0
BRDA:361,17,0,0
BRDA:375,18,0,0
BRDA:389,19,0,0
BRDA:404,20,0,0
BRDA:404,21,0,0
BRDA:404,21,1,0
BRDA:408,22,0,0
BRDA:408,22,1,0
BRDA:408,22,2,0
BRDA:408,22,3,0
BRDA:408,22,4,0
BRDA:413,23,0,0
BRDA:413,23,1,0
BRDA:413,23,2,0
BRDA:413,23,3,0
BRDA:413,23,4,0
BRDA:418,24,0,0
BRDA:418,24,1,0
BRDA:434,25,0,0
BRDA:449,26,0,0
BRDA:449,26,1,0
BRDA:459,27,0,0
BRDA:459,27,1,0
BRDA:471,28,0,0
BRDA:481,29,0,0
BRDA:489,30,0,0
BRF:48
BRH:0
end_of_record
TN:
SF:lib\trading\testing-framework.ts
FN:11,(anonymous_0)
FN:89,(anonymous_1)
FN:96,(anonymous_2)
FN:122,(anonymous_3)
FN:190,(anonymous_4)
FN:198,(anonymous_5)
FN:199,(anonymous_6)
FN:200,(anonymous_7)
FN:214,(anonymous_8)
FN:262,(anonymous_9)
FN:316,(anonymous_10)
FN:322,(anonymous_11)
FN:338,(anonymous_12)
FN:344,(anonymous_13)
FN:346,(anonymous_14)
FN:347,(anonymous_15)
FN:354,(anonymous_16)
FN:367,(anonymous_17)
FN:401,(anonymous_18)
FN:403,(anonymous_19)
FN:404,(anonymous_20)
FN:405,(anonymous_21)
FN:409,(anonymous_22)
FN:439,(anonymous_23)
FN:447,(anonymous_24)
FN:451,(anonymous_25)
FN:456,(anonymous_26)
FN:460,(anonymous_27)
FN:471,(anonymous_28)
FNF:29
FNH:0
FNDA:0,(anonymous_0)
FNDA:0,(anonymous_1)
FNDA:0,(anonymous_2)
FNDA:0,(anonymous_3)
FNDA:0,(anonymous_4)
FNDA:0,(anonymous_5)
FNDA:0,(anonymous_6)
FNDA:0,(anonymous_7)
FNDA:0,(anonymous_8)
FNDA:0,(anonymous_9)
FNDA:0,(anonymous_10)
FNDA:0,(anonymous_11)
FNDA:0,(anonymous_12)
FNDA:0,(anonymous_13)
FNDA:0,(anonymous_14)
FNDA:0,(anonymous_15)
FNDA:0,(anonymous_16)
FNDA:0,(anonymous_17)
FNDA:0,(anonymous_18)
FNDA:0,(anonymous_19)
FNDA:0,(anonymous_20)
FNDA:0,(anonymous_21)
FNDA:0,(anonymous_22)
FNDA:0,(anonymous_23)
FNDA:0,(anonymous_24)
FNDA:0,(anonymous_25)
FNDA:0,(anonymous_26)
FNDA:0,(anonymous_27)
FNDA:0,(anonymous_28)
DA:6,0
DA:8,0
DA:9,0
DA:11,0
DA:12,0
DA:13,0
DA:14,0
DA:15,0
DA:78,0
DA:82,0
DA:83,0
DA:84,0
DA:85,0
DA:86,0
DA:90,0
DA:91,0
DA:92,0
DA:97,0
DA:99,0
DA:100,0
DA:101,0
DA:102,0
DA:104,0
DA:111,0
DA:119,0
DA:130,0
DA:131,0
DA:138,0
DA:139,0
DA:142,0
DA:143,0
DA:154,0
DA:165,0
DA:166,0
DA:167,0
DA:169,0
DA:179,0
DA:187,0
DA:197,0
DA:198,0
DA:199,0
DA:200,0
DA:201,0
DA:204,0
DA:215,0
DA:217,0
DA:218,0
DA:219,0
DA:221,0
DA:223,0
DA:224,0
DA:225,0
DA:227,0
DA:234,0
DA:240,0
DA:259,0
DA:263,0
DA:264,0
DA:265,0
DA:268,0
DA:269,0
DA:274,0
DA:276,0
DA:277,0
DA:281,0
DA:282,0
DA:287,0
DA:289,0
DA:290,0
DA:293,0
DA:294,0
DA:311,0
DA:312,0
DA:320,0
DA:322,0
DA:323,0
DA:332,0
DA:335,0
DA:338,0
DA:341,0
DA:345,0
DA:346,0
DA:347,0
DA:349,0
DA:350,0
DA:354,0
DA:355,0
DA:357,0
DA:358,0
DA:359,0
DA:360,0
DA:364,0
DA:374,0
DA:375,0
DA:377,0
DA:378,0
DA:381,0
DA:382,0
DA:383,0
DA:385,0
DA:386,0
DA:388,0
DA:391,0
DA:402,0
DA:403,0
DA:404,0
DA:405,0
DA:410,0
DA:412,0
DA:413,0
DA:421,0
DA:424,0
DA:425,0
DA:426,0
DA:427,0
DA:430,0
DA:431,0
DA:432,0
DA:433,0
DA:436,0
DA:440,0
DA:441,0
DA:443,0
DA:448,0
DA:452,0
DA:457,0
DA:461,0
DA:462,0
DA:463,0
DA:464,0
DA:465,0
DA:466,0
DA:468,0
DA:472,0
LF:134
LH:0
BRDA:11,0,0,0
BRDA:11,0,1,0
BRDA:130,1,0,0
BRDA:142,2,0,0
BRDA:142,3,0,0
BRDA:142,3,1,0
BRDA:349,4,0,0
BRDA:359,5,0,0
BRDA:377,6,0,0
BRDA:385,7,0,0
BRDA:385,7,1,0
BRDA:412,8,0,0
BRDA:424,9,0,0
BRDA:424,9,1,0
BRDA:440,10,0,0
BRDA:440,10,1,0
BRF:16
BRH:0
end_of_record
